Traceback (most recent call last):
  File "/home/kemove/lt/FedAlgorithm/alg/FedStream.py", line 7, in <module>
    from skopt import gp_minimize
  File "/home/kemove/anaconda3/envs/test/lib/python3.11/site-packages/skopt/__init__.py", line 21, in <module>
    from . import (
  File "/home/kemove/anaconda3/envs/test/lib/python3.11/site-packages/skopt/acquisition.py", line 6, in <module>
    from scipy.stats import norm
  File "/home/kemove/anaconda3/envs/test/lib/python3.11/site-packages/scipy/stats/__init__.py", line 606, in <module>
    from ._stats_py import *
  File "/home/kemove/anaconda3/envs/test/lib/python3.11/site-packages/scipy/stats/_stats_py.py", line 49, in <module>
    from . import distributions
  File "/home/kemove/anaconda3/envs/test/lib/python3.11/site-packages/scipy/stats/distributions.py", line 11, in <module>
    from . import _discrete_distns
  File "/home/kemove/anaconda3/envs/test/lib/python3.11/site-packages/scipy/stats/_discrete_distns.py", line 857, in <module>
    nhypergeom = nhypergeom_gen(name='nhypergeom')
                 ^^^^^^^^^^^^^^^^^^^^^^^^^^^^^^^^^
  File "/home/kemove/anaconda3/envs/test/lib/python3.11/site-packages/scipy/stats/_distn_infrastructure.py", line 3225, in __init__
    super().__init__(seed)
  File "/home/kemove/anaconda3/envs/test/lib/python3.11/site-packages/scipy/stats/_distn_infrastructure.py", line 639, in __init__
    sig = _getfullargspec(self._stats)
          ^^^^^^^^^^^^^^^^^^^^^^^^^^^^
  File "/home/kemove/anaconda3/envs/test/lib/python3.11/site-packages/scipy/_lib/_util.py", line 426, in getfullargspec_no_self
    annotations = {p.name: p.annotation for p in sig.parameters.values()
                                                 ^^^^^^^^^^^^^^
  File "/home/kemove/anaconda3/envs/test/lib/python3.11/inspect.py", line 3015, in parameters
    @property

KeyboardInterrupt
