Running FedStream with: Dir=1.0, Init_Class=8, Epoch=20
has read
  0%|          | 0/100 [00:00<?, ?it/s]  1%|          | 1/100 [04:18<7:06:59, 258.78s/it]  2%|▏         | 2/100 [08:39<7:04:27, 259.88s/it]  3%|▎         | 3/100 [13:03<7:03:14, 261.80s/it]  4%|▍         | 4/100 [17:26<6:59:55, 262.45s/it]  5%|▌         | 5/100 [21:52<6:57:11, 263.49s/it]  6%|▌         | 6/100 [26:20<6:55:04, 264.94s/it]  6%|▌         | 6/100 [26:28<6:54:39, 264.67s/it]
Traceback (most recent call last):
  File "/home/kemove/lt/FedAlgorithm/alg/FedStream.py", line 775, in <module>
    alg.online_train()
  File "/home/kemove/lt/FedAlgorithm/alg/FedStream.py", line 738, in online_train
    global_loss_list, accuracy_list = self.alg.run(
                                      ^^^^^^^^^^^^^
  File "/home/kemove/lt/FedAlgorithm/alg/FedDyn.py", line 134, in run
    ].local_update_dyn(
      ^^^^^^^^^^^^^^^^^
  File "/home/kemove/lt/FedAlgorithm/alg/Clients.py", line 306, in local_update_dyn
    loss.backward()
  File "/home/kemove/anaconda3/envs/test/lib/python3.11/site-packages/torch/_tensor.py", line 525, in backward
    torch.autograd.backward(
  File "/home/kemove/anaconda3/envs/test/lib/python3.11/site-packages/torch/autograd/__init__.py", line 267, in backward
    _engine_run_backward(
  File "/home/kemove/anaconda3/envs/test/lib/python3.11/site-packages/torch/autograd/graph.py", line 744, in _engine_run_backward
    return Variable._execution_engine.run_backward(  # Calls into the C++ engine to run the backward pass
           ^^^^^^^^^^^^^^^^^^^^^^^^^^^^^^^^^^^^^^^^^^^^^^^^^^^^^^^^^^^^^^^^^^^^^^^^^^^^^^^^^^^^^^^^^^^^^^
KeyboardInterrupt
