Running FedStream with: Dir=1.0, Init_Class=10, Epoch=20
has read
  0%|          | 0/100 [00:00<?, ?it/s]  1%|          | 1/100 [05:32<9:08:14, 332.27s/it]  2%|▏         | 2/100 [11:00<8:59:11, 330.12s/it]  3%|▎         | 3/100 [16:29<8:52:18, 329.26s/it]  4%|▍         | 4/100 [21:56<8:45:22, 328.36s/it]  4%|▍         | 4/100 [26:27<10:35:02, 396.90s/it]
Traceback (most recent call last):
  File "/home/kemove/lt/FedAlgorithm/alg/FedStream.py", line 775, in <module>
    alg.online_train()
  File "/home/kemove/lt/FedAlgorithm/alg/FedStream.py", line 738, in online_train
    global_loss_list, accuracy_list = self.alg.run(
                                      ^^^^^^^^^^^^^
  File "/home/kemove/lt/FedAlgorithm/alg/FedDyn.py", line 134, in run
    ].local_update_dyn(
      ^^^^^^^^^^^^^^^^^
  File "/home/kemove/lt/FedAlgorithm/alg/Clients.py", line 306, in local_update_dyn
    loss.backward()
  File "/home/kemove/anaconda3/envs/test/lib/python3.11/site-packages/torch/_tensor.py", line 525, in backward
    torch.autograd.backward(
  File "/home/kemove/anaconda3/envs/test/lib/python3.11/site-packages/torch/autograd/__init__.py", line 267, in backward
    _engine_run_backward(
  File "/home/kemove/anaconda3/envs/test/lib/python3.11/site-packages/torch/autograd/graph.py", line 744, in _engine_run_backward
    return Variable._execution_engine.run_backward(  # Calls into the C++ engine to run the backward pass
           ^^^^^^^^^^^^^^^^^^^^^^^^^^^^^^^^^^^^^^^^^^^^^^^^^^^^^^^^^^^^^^^^^^^^^^^^^^^^^^^^^^^^^^^^^^^^^^
KeyboardInterrupt
