Traceback (most recent call last):
  File "/home/kemove/lt/FedAlgorithm/alg/FedStream.py", line 7, in <module>
    from skopt import gp_minimize
  File "/home/kemove/anaconda3/envs/test/lib/python3.11/site-packages/skopt/__init__.py", line 21, in <module>
    from . import (
  File "/home/kemove/anaconda3/envs/test/lib/python3.11/site-packages/skopt/acquisition.py", line 6, in <module>
    from scipy.stats import norm
  File "/home/kemove/anaconda3/envs/test/lib/python3.11/site-packages/scipy/stats/__init__.py", line 606, in <module>
    from ._stats_py import *
  File "/home/kemove/anaconda3/envs/test/lib/python3.11/site-packages/scipy/stats/_stats_py.py", line 49, in <module>
    from . import distributions
  File "/home/kemove/anaconda3/envs/test/lib/python3.11/site-packages/scipy/stats/distributions.py", line 11, in <module>
    from . import _discrete_distns
  File "/home/kemove/anaconda3/envs/test/lib/python3.11/site-packages/scipy/stats/_discrete_distns.py", line 10, in <module>
    from scipy.interpolate import interp1d
  File "/home/kemove/anaconda3/envs/test/lib/python3.11/site-packages/scipy/interpolate/__init__.py", line 192, in <module>
    from . import fitpack, fitpack2, interpolate, ndgriddata, polyint, rbf
  File "<frozen importlib._bootstrap>", line 1176, in _find_and_load
  File "<frozen importlib._bootstrap>", line 1138, in _find_and_load_unlocked
  File "<frozen importlib._bootstrap>", line 1078, in _find_spec
  File "<frozen importlib._bootstrap_external>", line 1507, in find_spec
  File "<frozen importlib._bootstrap_external>", line 1479, in _get_spec
  File "<frozen importlib._bootstrap_external>", line 1643, in find_spec
  File "<frozen importlib._bootstrap_external>", line 128, in _path_join
KeyboardInterrupt
