Traceback (most recent call last):
  File "/home/kemove/lt/FedAlgorithm/alg/FedStream.py", line 7, in <module>
    from skopt import gp_minimize
  File "/home/kemove/anaconda3/envs/test/lib/python3.11/site-packages/skopt/__init__.py", line 21, in <module>
    from . import (
  File "/home/kemove/anaconda3/envs/test/lib/python3.11/site-packages/skopt/acquisition.py", line 6, in <module>
    from scipy.stats import norm
  File "/home/kemove/anaconda3/envs/test/lib/python3.11/site-packages/scipy/stats/__init__.py", line 606, in <module>
    from ._stats_py import *
  File "/home/kemove/anaconda3/envs/test/lib/python3.11/site-packages/scipy/stats/_stats_py.py", line 49, in <module>
    from . import distributions
  File "/home/kemove/anaconda3/envs/test/lib/python3.11/site-packages/scipy/stats/distributions.py", line 11, in <module>
    from . import _discrete_distns
  File "/home/kemove/anaconda3/envs/test/lib/python3.11/site-packages/scipy/stats/_discrete_distns.py", line 10, in <module>
    from scipy.interpolate import interp1d
  File "/home/kemove/anaconda3/envs/test/lib/python3.11/site-packages/scipy/interpolate/__init__.py", line 167, in <module>
    from ._interpolate import *
  File "/home/kemove/anaconda3/envs/test/lib/python3.11/site-packages/scipy/interpolate/_interpolate.py", line 19, in <module>
    from ._bsplines import make_interp_spline, BSpline
  File "<frozen importlib._bootstrap>", line 405, in parent
KeyboardInterrupt
