Running FedStream with: Dir=0.8, Init_Class=10, Epoch=20
Files already downloaded and verified
Files already downloaded and verified
has read
Files already downloaded and verified
Files already downloaded and verified
  0%|          | 0/100 [00:00<?, ?it/s]  1%|          | 1/100 [00:48<1:19:24, 48.12s/it]  2%|▏         | 2/100 [01:46<1:28:32, 54.21s/it]  3%|▎         | 3/100 [02:54<1:37:57, 60.60s/it]  4%|▍         | 4/100 [04:09<1:45:40, 66.04s/it]  5%|▌         | 5/100 [05:28<1:52:25, 71.00s/it]  6%|▌         | 6/100 [06:55<1:59:28, 76.26s/it]  7%|▋         | 7/100 [08:21<2:03:17, 79.55s/it]  8%|▊         | 8/100 [09:49<2:05:58, 82.16s/it]  9%|▉         | 9/100 [11:21<2:09:10, 85.17s/it] 10%|█         | 10/100 [12:50<2:09:43, 86.49s/it] 11%|█         | 11/100 [14:24<2:11:30, 88.66s/it] 12%|█▏        | 12/100 [15:53<2:10:11, 88.77s/it] 13%|█▎        | 13/100 [17:21<2:08:25, 88.57s/it] 14%|█▍        | 14/100 [18:51<2:07:25, 88.90s/it] 15%|█▌        | 15/100 [20:22<2:06:51, 89.55s/it] 16%|█▌        | 16/100 [21:56<2:07:27, 91.04s/it] 16%|█▌        | 16/100 [22:01<1:55:39, 82.61s/it]
8 96 [8 0 4 3 9 1 2 6]
8 88 [5 8 3 9 2 1 0 7]
8 94 [0 6 9 3 2 4 5 1]
8 95 [0 6 1 3 2 7 8 9]
8 96 [3 5 6 7 0 2 1 9]
round time = 44.70528864860535
8 70 [8 0 4 3 9 1 2 6]
8 69 [5 8 3 9 2 1 0 7]
8 69 [0 6 9 3 2 4 5 1]
8 69 [0 6 1 3 2 7 8 9]
8 70 [3 5 6 7 0 2 1 9]
round time = 58.47536611557007
8 83 [8 0 4 3 9 1 2 6]
8 83 [5 8 3 9 2 1 0 7]
8 83 [0 6 9 3 2 4 5 1]
8 83 [0 6 1 3 2 7 8 9]
8 83 [3 5 6 7 0 2 1 9]
round time = 68.18994069099426
8 90 [8 0 4 3 9 1 2 6]
8 90 [5 8 3 9 2 1 0 7]
8 90 [0 6 9 3 2 4 5 1]
8 90 [0 6 1 3 2 7 8 9]
8 90 [3 5 6 7 0 2 1 9]
round time = 74.39407992362976
8 94 [8 0 4 3 9 1 2 6]
8 94 [5 8 3 9 2 1 0 7]
8 94 [0 6 9 3 2 4 5 1]
8 94 [0 6 1 3 2 7 8 9]
8 94 [3 5 6 7 0 2 1 9]
round time = 79.79181694984436
8 96 [8 0 4 3 9 1 2 6]
8 96 [5 8 3 9 2 1 0 7]
8 96 [0 6 9 3 2 4 5 1]
8 96 [0 6 1 3 2 7 8 9]
8 96 [3 5 6 7 0 2 1 9]
round time = 83.21291494369507
8 96 [8 0 4 3 9 1 2 6]
8 96 [5 8 3 9 2 1 0 7]
8 96 [0 6 9 3 2 4 5 1]
8 96 [0 6 1 3 2 7 8 9]
8 96 [3 5 6 7 0 2 1 9]
round time = 86.2999176979065
8 96 [8 0 4 3 9 1 2 6]
8 96 [5 8 3 9 2 1 0 7]
8 96 [0 6 9 3 2 4 5 1]
8 96 [0 6 1 3 2 7 8 9]
8 96 [3 5 6 7 0 2 1 9]
round time = 87.7571485042572
8 97 [8 0 4 3 9 1 2 6]
8 97 [5 8 3 9 2 1 0 7]
8 97 [0 6 9 3 2 4 5 1]
8 97 [0 6 1 3 2 7 8 9]
8 97 [3 5 6 7 0 2 1 9]
round time = 91.78246092796326
8 96 [8 0 4 3 9 1 2 6]
8 96 [5 8 3 9 2 1 0 7]
8 96 [0 6 9 3 2 4 5 1]
8 96 [0 6 1 3 2 7 8 9]
8 96 [3 5 6 7 0 2 1 9]
round time = 89.43912124633789
8 97 [8 0 4 3 9 1 2 6]
8 97 [5 8 3 9 2 1 0 7]
8 97 [0 6 9 3 2 4 5 1]
8 97 [0 6 1 3 2 7 8 9]
8 97 [3 5 6 7 0 2 1 9]
round time = 90.28946828842163
8 96 [8 0 4 3 9 1 2 6]
8 96 [5 8 3 9 2 1 0 7]
8 96 [0 6 9 3 2 4 5 1]
8 96 [0 6 1 3 2 7 8 9]
8 96 [3 5 6 7 0 2 1 9]
round time = 89.00358700752258
8 97 [8 0 4 3 9 1 2 6]
8 97 [5 8 3 9 2 1 0 7]
8 97 [0 6 9 3 2 4 5 1]
8 97 [0 6 1 3 2 7 8 9]
8 97 [3 5 6 7 0 2 1 9]
round time = 88.12245988845825
8 96 [8 0 4 3 9 1 2 6]
8 96 [5 8 3 9 2 1 0 7]
8 96 [0 6 9 3 2 4 5 1]
8 96 [0 6 1 3 2 7 8 9]
8 96 [3 5 6 7 0 2 1 9]
round time = 89.660964012146
8 97 [8 0 4 3 9 1 2 6]
8 97 [5 8 3 9 2 1 0 7]
8 97 [0 6 9 3 2 4 5 1]
8 97 [0 6 1 3 2 7 8 9]
8 97 [3 5 6 7 0 2 1 9]
round time = 91.03865790367126
8 96 [8 0 4 3 9 1 2 6]
8 96 [5 8 3 9 2 1 0 7]
8 96 [0 6 9 3 2 4 5 1]
8 96 [0 6 1 3 2 7 8 9]
8 96 [3 5 6 7 0 2 1 9]
round time = 91.15021419525146
8 97 [8 0 4 3 9 1 2 6]
Traceback (most recent call last):
  File "/home/kemove/lt/FedAlgorithm/alg/FedStream.py", line 775, in <module>
    alg.online_train()
  File "/home/kemove/lt/FedAlgorithm/alg/FedStream.py", line 738, in online_train
    global_loss_list, accuracy_list = self.alg.run(
                                      ^^^^^^^^^^^^^
  File "/home/kemove/lt/FedAlgorithm/alg/FedAvg.py", line 105, in run
    result = self.client_group.clients[k].local_update_avg(
             ^^^^^^^^^^^^^^^^^^^^^^^^^^^^^^^^^^^^^^^^^^^^^^
  File "/home/kemove/lt/FedAlgorithm/alg/Clients.py", line 208, in local_update_avg
    
  File "/home/kemove/anaconda3/envs/test/lib/python3.11/site-packages/torch/_tensor.py", line 525, in backward
    torch.autograd.backward(
  File "/home/kemove/anaconda3/envs/test/lib/python3.11/site-packages/torch/autograd/__init__.py", line 260, in backward
    grad_tensors_ = _make_grads(tensors, grad_tensors_, is_grads_batched=False)
                    ^^^^^^^^^^^^^^^^^^^^^^^^^^^^^^^^^^^^^^^^^^^^^^^^^^^^^^^^^^^
  File "/home/kemove/anaconda3/envs/test/lib/python3.11/site-packages/torch/autograd/__init__.py", line 143, in _make_grads
    torch.ones_like(out, memory_format=torch.preserve_format)
KeyboardInterrupt
