Running FedStream with: Dir=0.8, Init_Class=10, Epoch=10
Files already downloaded and verified
Files already downloaded and verified
has read
Files already downloaded and verified
Files already downloaded and verified
  0%|          | 0/100 [00:00<?, ?it/s]  1%|          | 1/100 [05:02<8:19:40, 302.83s/it]  1%|          | 1/100 [06:07<10:06:50, 367.78s/it]
Traceback (most recent call last):
  File "/home/kemove/lt/FedAlgorithm/alg/FedStream.py", line 775, in <module>
    alg.online_train()
  File "/home/kemove/lt/FedAlgorithm/alg/FedStream.py", line 738, in online_train
    global_loss_list, accuracy_list = self.alg.run(
                                      ^^^^^^^^^^^^^
  File "/home/kemove/lt/FedAlgorithm/alg/FedDyn.py", line 134, in run
    ].local_update_dyn(
      ^^^^^^^^^^^^^^^^^
  File "/home/kemove/lt/FedAlgorithm/alg/Clients.py", line 306, in local_update_dyn
    loss.backward()
  File "/home/kemove/anaconda3/envs/test/lib/python3.11/site-packages/torch/_tensor.py", line 525, in backward
    torch.autograd.backward(
  File "/home/kemove/anaconda3/envs/test/lib/python3.11/site-packages/torch/autograd/__init__.py", line 267, in backward
    _engine_run_backward(
  File "/home/kemove/anaconda3/envs/test/lib/python3.11/site-packages/torch/autograd/graph.py", line 744, in _engine_run_backward
    return Variable._execution_engine.run_backward(  # Calls into the C++ engine to run the backward pass
           ^^^^^^^^^^^^^^^^^^^^^^^^^^^^^^^^^^^^^^^^^^^^^^^^^^^^^^^^^^^^^^^^^^^^^^^^^^^^^^^^^^^^^^^^^^^^^^
KeyboardInterrupt
