Running FedStream with: Dir=0.5, Init_Class=10, Epoch=20
Files already downloaded and verified
Files already downloaded and verified
has read
Files already downloaded and verified
Files already downloaded and verified
  0%|          | 0/100 [00:00<?, ?it/s]  1%|          | 1/100 [00:47<1:17:36, 47.04s/it]  2%|▏         | 2/100 [01:39<1:22:27, 50.49s/it]  3%|▎         | 3/100 [02:43<1:31:21, 56.51s/it]  4%|▍         | 4/100 [03:56<1:40:48, 63.01s/it]  5%|▌         | 5/100 [05:15<1:48:49, 68.73s/it]  6%|▌         | 6/100 [06:42<1:57:27, 74.97s/it]  7%|▋         | 7/100 [08:08<2:01:37, 78.47s/it]  8%|▊         | 8/100 [09:35<2:04:25, 81.15s/it]  9%|▉         | 9/100 [11:02<2:05:58, 83.06s/it] 10%|█         | 10/100 [12:30<2:06:59, 84.66s/it] 11%|█         | 11/100 [14:02<2:08:59, 86.96s/it] 12%|█▏        | 12/100 [15:31<2:08:12, 87.42s/it] 13%|█▎        | 13/100 [16:59<2:07:03, 87.62s/it] 14%|█▍        | 14/100 [18:27<2:05:58, 87.89s/it]5 154 [8 0 4 3 9]
5 140 [5 8 3 9 2]
5 150 [0 6 9 3 2]
5 152 [0 6 1 3 2]
5 154 [3 5 6 7 0]
round time = 43.61999726295471
5 111 [8 0 4 3 9]
client 0: discard 4.00543212890625e-05, collect 0.0007119178771972656, sum 0.0007519721984863281
5 112 [5 8 3 9 2]
client 1: discard 3.457069396972656e-05, collect 0.0007092952728271484, sum 0.000743865966796875
5 112 [0 6 9 3 2]
client 2: discard 4.1961669921875e-05, collect 0.0008087158203125, sum 0.000850677490234375
5 111 [0 6 1 3 2]
client 3: discard 4.076957702636719e-05, collect 0.0007524490356445312, sum 0.0007932186126708984
5 111 [3 5 6 7 0]
client 4: discard 3.528594970703125e-05, collect 0.0006921291351318359, sum 0.0007274150848388672
round time = 52.90324139595032
5 133 [8 0 4 3 9]
client 0: discard 3.838539123535156e-05, collect 0.0005593299865722656, sum 0.0005977153778076172
5 132 [5 8 3 9 2]
client 1: discard 2.7894973754882812e-05, collect 0.0007178783416748047, sum 0.0007457733154296875
5 132 [0 6 9 3 2]
client 2: discard 4.124641418457031e-05, collect 0.0006825923919677734, sum 0.0007238388061523438
5 133 [0 6 1 3 2]
client 3: discard 2.5510787963867188e-05, collect 0.0005290508270263672, sum 0.0005545616149902344
5 133 [3 5 6 7 0]
client 4: discard 2.4557113647460938e-05, collect 0.00069427490234375, sum 0.0007188320159912109
round time = 63.682992696762085
5 145 [8 0 4 3 9]
client 0: discard 3.0994415283203125e-05, collect 0.0005273818969726562, sum 0.0005583763122558594
5 145 [5 8 3 9 2]
client 1: discard 2.1696090698242188e-05, collect 0.0006930828094482422, sum 0.0007147789001464844
5 145 [0 6 9 3 2]
client 2: discard 2.574920654296875e-05, collect 0.0005354881286621094, sum 0.0005612373352050781
5 145 [0 6 1 3 2]
client 3: discard 2.5272369384765625e-05, collect 0.0004801750183105469, sum 0.0005054473876953125
5 145 [3 5 6 7 0]
client 4: discard 3.2901763916015625e-05, collect 0.0007512569427490234, sum 0.0007841587066650391
round time = 72.96964645385742
5 150 [8 0 4 3 9]
client 0: discard 4.0531158447265625e-05, collect 0.0004687309265136719, sum 0.0005092620849609375
5 151 [5 8 3 9 2]
client 1: discard 2.2649765014648438e-05, collect 0.0007076263427734375, sum 0.0007302761077880859
5 151 [0 6 9 3 2]
client 2: discard 2.6226043701171875e-05, collect 0.0005199909210205078, sum 0.0005462169647216797
5 151 [0 6 1 3 2]
client 3: discard 3.4332275390625e-05, collect 0.00047326087951660156, sum 0.0005075931549072266
5 150 [3 5 6 7 0]
client 4: discard 2.8371810913085938e-05, collect 0.0006587505340576172, sum 0.0006871223449707031
round time = 78.87961053848267
5 153 [8 0 4 3 9]
client 0: discard 4.4345855712890625e-05, collect 0.0005092620849609375, sum 0.0005536079406738281
5 153 [5 8 3 9 2]
client 1: discard 1.8835067749023438e-05, collect 0.00046563148498535156, sum 0.000484466552734375
5 153 [0 6 9 3 2]
client 2: discard 2.956390380859375e-05, collect 0.0006959438323974609, sum 0.0007255077362060547
5 153 [0 6 1 3 2]
client 3: discard 2.8371810913085938e-05, collect 0.000507354736328125, sum 0.0005357265472412109
5 153 [3 5 6 7 0]
client 4: discard 3.528594970703125e-05, collect 0.0006613731384277344, sum 0.0006966590881347656
round time = 83.78265404701233
5 154 [8 0 4 3 9]
client 0: discard 2.2172927856445312e-05, collect 0.00041604042053222656, sum 0.0004382133483886719
5 154 [5 8 3 9 2]
client 1: discard 2.47955322265625e-05, collect 0.00042557716369628906, sum 0.00045037269592285156
5 154 [0 6 9 3 2]
client 2: discard 3.24249267578125e-05, collect 0.0007131099700927734, sum 0.0007455348968505859
5 154 [0 6 1 3 2]
client 3: discard 2.9802322387695312e-05, collect 0.00047659873962402344, sum 0.0005064010620117188
5 154 [3 5 6 7 0]
client 4: discard 4.1484832763671875e-05, collect 0.0006794929504394531, sum 0.000720977783203125
round time = 85.68748092651367
5 155 [8 0 4 3 9]
client 0: discard 4.267692565917969e-05, collect 0.0005280971527099609, sum 0.0005707740783691406
5 154 [5 8 3 9 2]
client 1: discard 2.5510787963867188e-05, collect 0.00046443939208984375, sum 0.0004899501800537109
5 154 [0 6 9 3 2]
client 2: discard 2.86102294921875e-05, collect 0.0007112026214599609, sum 0.0007398128509521484
5 154 [0 6 1 3 2]
client 3: discard 3.147125244140625e-05, collect 0.0004801750183105469, sum 0.0005116462707519531
5 155 [3 5 6 7 0]
client 4: discard 3.3855438232421875e-05, collect 0.0006546974182128906, sum 0.0006885528564453125
round time = 86.87329816818237
5 154 [8 0 4 3 9]
client 0: discard 4.1484832763671875e-05, collect 0.0005164146423339844, sum 0.0005578994750976562
5 155 [5 8 3 9 2]
client 1: discard 2.4557113647460938e-05, collect 0.0004601478576660156, sum 0.00048470497131347656
5 155 [0 6 9 3 2]
client 2: discard 3.4809112548828125e-05, collect 0.0007240772247314453, sum 0.0007588863372802734
5 155 [0 6 1 3 2]
client 3: discard 3.147125244140625e-05, collect 0.0004665851593017578, sum 0.0004980564117431641
5 154 [3 5 6 7 0]
client 4: discard 3.170967102050781e-05, collect 0.0006687641143798828, sum 0.0007004737854003906
round time = 87.27087664604187
5 155 [8 0 4 3 9]
client 0: discard 4.649162292480469e-05, collect 0.0005135536193847656, sum 0.0005600452423095703
5 154 [5 8 3 9 2]
client 1: discard 2.574920654296875e-05, collect 0.00045800209045410156, sum 0.0004837512969970703
5 154 [0 6 9 3 2]
client 2: discard 2.8371810913085938e-05, collect 0.000713348388671875, sum 0.0007417201995849609
5 154 [0 6 1 3 2]
client 3: discard 2.8371810913085938e-05, collect 0.00045800209045410156, sum 0.0004863739013671875
5 155 [3 5 6 7 0]
client 4: discard 3.337860107421875e-05, collect 0.0006794929504394531, sum 0.0007128715515136719
round time = 88.25059843063354
5 154 [8 0 4 3 9]
client 0: discard 5.269050598144531e-05, collect 0.000514984130859375, sum 0.0005676746368408203
5 155 [5 8 3 9 2]
client 1: discard 3.266334533691406e-05, collect 0.0004761219024658203, sum 0.0005087852478027344
5 155 [0 6 9 3 2]
client 2: discard 3.2901763916015625e-05, collect 0.0006952285766601562, sum 0.0007281303405761719
5 155 [0 6 1 3 2]
client 3: discard 3.075599670410156e-05, collect 0.00047135353088378906, sum 0.0005021095275878906
5 154 [3 5 6 7 0]
client 4: discard 3.9577484130859375e-05, collect 0.0006453990936279297, sum 0.0006849765777587891
round time = 88.88336420059204
5 155 [8 0 4 3 9]
client 0: discard 2.4557113647460938e-05, collect 0.0004246234893798828, sum 0.00044918060302734375
5 155 [5 8 3 9 2]
client 1: discard 2.0503997802734375e-05, collect 0.0004532337188720703, sum 0.0004737377166748047
5 155 [0 6 9 3 2]
client 2: discard 3.838539123535156e-05, collect 0.0007770061492919922, sum 0.0008153915405273438
5 155 [0 6 1 3 2]
client 3: discard 2.7418136596679688e-05, collect 0.0004820823669433594, sum 0.0005095005035400391
5 155 [3 5 6 7 0]
client 4: discard 3.528594970703125e-05, collect 0.0006468296051025391, sum 0.0006821155548095703
round time = 88.46920132637024
5 155 [8 0 4 3 9]
client 0: discard 3.8623809814453125e-05, collect 0.0005137920379638672, sum 0.0005524158477783203
5 154 [5 8 3 9 2]
client 1: discard 2.4557113647460938e-05, collect 0.00045108795166015625, sum 0.0004756450653076172
5 154 [0 6 9 3 2]
client 2: discard 3.743171691894531e-05, collect 0.0006921291351318359, sum 0.0007295608520507812
5 154 [0 6 1 3 2]
client 3: discard 3.075599670410156e-05, collect 0.0004820823669433594, sum 0.0005128383636474609
5 155 [3 5 6 7 0]
client 4: discard 2.9802322387695312e-05, collect 0.0006525516510009766, sum 0.0006823539733886719
round time = 88.09489703178406
5 154 [8 0 4 3 9]
client 0: discard 4.887580871582031e-05, collect 0.0005078315734863281, sum 0.0005567073822021484
5 155 [5 8 3 9 2]
client 1: discard 2.574920654296875e-05, collect 0.0006730556488037109, sum 0.0006988048553466797
5 155 [0 6 9 3 2]
client 2: discard 4.1484832763671875e-05, collect 0.0005090236663818359, sum 0.0005505084991455078
5 155 [0 6 1 3 2]
client 3: discard 3.409385681152344e-05, collect 0.00045609474182128906, sum 0.0004901885986328125
5 154 [3 5 6 7 0]
client 4: discard 4.029273986816406e-05, collect 0.0006992816925048828, sum 0.0007395744323730469
round time = 88.50057911872864
5 155 [8 0 4 3 9]
 15%|█▌        | 15/100 [19:56<2:04:45, 88.06s/it] 16%|█▌        | 16/100 [21:27<2:04:36, 89.01s/it] 17%|█▋        | 17/100 [22:56<2:03:07, 89.00s/it] 18%|█▊        | 18/100 [24:25<2:01:46, 89.10s/it]