Running FedStream with: Dir=0.8, Init_Class=10, Epoch=20
Files already downloaded and verified
Files already downloaded and verified
has read
Files already downloaded and verified
Files already downloaded and verified
  0%|          | 0/100 [00:00<?, ?it/s]  1%|          | 1/100 [00:47<1:18:35, 47.63s/it]  2%|▏         | 2/100 [01:40<1:23:16, 50.98s/it]  3%|▎         | 3/100 [02:44<1:31:50, 56.80s/it]  4%|▍         | 4/100 [03:58<1:41:20, 63.34s/it]  5%|▌         | 5/100 [05:17<1:49:43, 69.30s/it]  6%|▌         | 6/100 [06:43<1:57:20, 74.90s/it]  7%|▋         | 7/100 [08:08<2:01:08, 78.16s/it]  8%|▊         | 8/100 [09:35<2:04:12, 81.00s/it]  9%|▉         | 9/100 [11:00<2:04:41, 82.21s/it] 10%|█         | 10/100 [12:25<2:04:24, 82.94s/it] 11%|█         | 11/100 [13:54<2:05:54, 84.88s/it] 12%|█▏        | 12/100 [15:22<2:06:06, 85.99s/it] 13%|█▎        | 13/100 [16:51<2:05:53, 86.82s/it]8 96 [8 0 4 3 9 1 2 6]
8 88 [5 8 3 9 2 1 0 7]
8 94 [0 6 9 3 2 4 5 1]
8 95 [0 6 1 3 2 7 8 9]
8 96 [3 5 6 7 0 2 1 9]
round time = 44.23463177680969
8 70 [8 0 4 3 9 1 2 6]
client 0: discard 2.86102294921875e-05, collect 0.0005891323089599609, sum 0.0006177425384521484
8 69 [5 8 3 9 2 1 0 7]
client 1: discard 2.384185791015625e-05, collect 0.00066375732421875, sum 0.0006875991821289062
8 69 [0 6 9 3 2 4 5 1]
client 2: discard 3.9577484130859375e-05, collect 0.0007674694061279297, sum 0.0008070468902587891
8 69 [0 6 1 3 2 7 8 9]
client 3: discard 3.719329833984375e-05, collect 0.0006685256958007812, sum 0.000705718994140625
8 70 [3 5 6 7 0 2 1 9]
client 4: discard 3.0517578125e-05, collect 0.0006780624389648438, sum 0.0007085800170898438
round time = 53.32945537567139
8 83 [8 0 4 3 9 1 2 6]
client 0: discard 4.57763671875e-05, collect 0.0007143020629882812, sum 0.0007600784301757812
8 83 [5 8 3 9 2 1 0 7]
client 1: discard 2.0503997802734375e-05, collect 0.0006661415100097656, sum 0.0006866455078125
8 83 [0 6 9 3 2 4 5 1]
client 2: discard 5.53131103515625e-05, collect 0.0008587837219238281, sum 0.0009140968322753906
8 83 [0 6 1 3 2 7 8 9]
client 3: discard 2.5510787963867188e-05, collect 0.0007305145263671875, sum 0.0007560253143310547
8 83 [3 5 6 7 0 2 1 9]
client 4: discard 2.956390380859375e-05, collect 0.000667572021484375, sum 0.0006971359252929688
round time = 63.73088240623474
8 90 [8 0 4 3 9 1 2 6]
client 0: discard 4.220008850097656e-05, collect 0.0006890296936035156, sum 0.0007312297821044922
8 90 [5 8 3 9 2 1 0 7]
client 1: discard 2.6226043701171875e-05, collect 0.0008990764617919922, sum 0.0009253025054931641
8 90 [0 6 9 3 2 4 5 1]
client 2: discard 3.457069396972656e-05, collect 0.0006666183471679688, sum 0.0007011890411376953
8 90 [0 6 1 3 2 7 8 9]
client 3: discard 2.7418136596679688e-05, collect 0.0006694793701171875, sum 0.0006968975067138672
8 90 [3 5 6 7 0 2 1 9]
client 4: discard 3.695487976074219e-05, collect 0.0008995532989501953, sum 0.0009365081787109375
round time = 73.36607265472412
8 94 [8 0 4 3 9 1 2 6]
client 0: discard 5.078315734863281e-05, collect 0.0006935596466064453, sum 0.0007443428039550781
8 94 [5 8 3 9 2 1 0 7]
client 1: discard 2.3126602172851562e-05, collect 0.0008499622344970703, sum 0.0008730888366699219
8 94 [0 6 9 3 2 4 5 1]
client 2: discard 2.6702880859375e-05, collect 0.0007262229919433594, sum 0.0007529258728027344
8 94 [0 6 1 3 2 7 8 9]
client 3: discard 3.528594970703125e-05, collect 0.0007195472717285156, sum 0.0007548332214355469
8 94 [3 5 6 7 0 2 1 9]
client 4: discard 4.220008850097656e-05, collect 0.0008618831634521484, sum 0.000904083251953125
round time = 79.87072587013245
8 96 [8 0 4 3 9 1 2 6]
client 0: discard 4.7206878662109375e-05, collect 0.0007016658782958984, sum 0.0007488727569580078
8 96 [5 8 3 9 2 1 0 7]
client 1: discard 2.0742416381835938e-05, collect 0.0006594657897949219, sum 0.0006802082061767578
8 96 [0 6 9 3 2 4 5 1]
client 2: discard 3.218650817871094e-05, collect 0.0007159709930419922, sum 0.0007481575012207031
8 96 [0 6 1 3 2 7 8 9]
client 3: discard 2.86102294921875e-05, collect 0.0006873607635498047, sum 0.0007159709930419922
8 96 [3 5 6 7 0 2 1 9]
client 4: discard 3.743171691894531e-05, collect 0.0008592605590820312, sum 0.0008966922760009766
round time = 82.51184368133545
8 96 [8 0 4 3 9 1 2 6]
client 0: discard 2.1457672119140625e-05, collect 0.0005483627319335938, sum 0.0005698204040527344
8 96 [5 8 3 9 2 1 0 7]
client 1: discard 2.765655517578125e-05, collect 0.0006501674652099609, sum 0.0006778240203857422
8 96 [0 6 9 3 2 4 5 1]
client 2: discard 3.24249267578125e-05, collect 0.0009188652038574219, sum 0.0009512901306152344
8 96 [0 6 1 3 2 7 8 9]
client 3: discard 3.24249267578125e-05, collect 0.0006694793701171875, sum 0.000701904296875
8 96 [3 5 6 7 0 2 1 9]
client 4: discard 3.552436828613281e-05, collect 0.0008513927459716797, sum 0.0008869171142578125
round time = 84.86431670188904
8 96 [8 0 4 3 9 1 2 6]
client 0: discard 5.4836273193359375e-05, collect 0.0006823539733886719, sum 0.0007371902465820312
8 96 [5 8 3 9 2 1 0 7]
client 1: discard 2.47955322265625e-05, collect 0.00066375732421875, sum 0.0006885528564453125
8 96 [0 6 9 3 2 4 5 1]
client 2: discard 4.076957702636719e-05, collect 0.0008718967437744141, sum 0.0009126663208007812
8 96 [0 6 1 3 2 7 8 9]
client 3: discard 3.266334533691406e-05, collect 0.0007040500640869141, sum 0.0007367134094238281
8 96 [3 5 6 7 0 2 1 9]
client 4: discard 3.2901763916015625e-05, collect 0.0006670951843261719, sum 0.0006999969482421875
round time = 87.09507608413696
8 97 [8 0 4 3 9 1 2 6]
client 0: discard 3.886222839355469e-05, collect 0.0007381439208984375, sum 0.0007770061492919922
8 97 [5 8 3 9 2 1 0 7]
client 1: discard 2.4080276489257812e-05, collect 0.0006368160247802734, sum 0.0006608963012695312
8 97 [0 6 9 3 2 4 5 1]
client 2: discard 3.8623809814453125e-05, collect 0.0008790493011474609, sum 0.0009176731109619141
8 97 [0 6 1 3 2 7 8 9]
client 3: discard 2.9087066650390625e-05, collect 0.0006921291351318359, sum 0.0007212162017822266
8 97 [3 5 6 7 0 2 1 9]
client 4: discard 3.3855438232421875e-05, collect 0.0008547306060791016, sum 0.0008885860443115234
round time = 84.85714054107666
8 96 [8 0 4 3 9 1 2 6]
client 0: discard 4.76837158203125e-05, collect 0.0006618499755859375, sum 0.00070953369140625
8 96 [5 8 3 9 2 1 0 7]
client 1: discard 2.574920654296875e-05, collect 0.0007088184356689453, sum 0.0007345676422119141
8 96 [0 6 9 3 2 4 5 1]
client 2: discard 5.4836273193359375e-05, collect 0.0008676052093505859, sum 0.0009224414825439453
8 96 [0 6 1 3 2 7 8 9]
client 3: discard 2.8133392333984375e-05, collect 0.0007066726684570312, sum 0.0007348060607910156
8 96 [3 5 6 7 0 2 1 9]
client 4: discard 3.695487976074219e-05, collect 0.0006654262542724609, sum 0.0007023811340332031
round time = 84.57092046737671
8 97 [8 0 4 3 9 1 2 6]
client 0: discard 4.839897155761719e-05, collect 0.0008327960968017578, sum 0.000881195068359375
8 97 [5 8 3 9 2 1 0 7]
client 1: discard 2.3126602172851562e-05, collect 0.0007302761077880859, sum 0.0007534027099609375
8 97 [0 6 9 3 2 4 5 1]
client 2: discard 3.6716461181640625e-05, collect 0.0006687641143798828, sum 0.0007054805755615234
8 97 [0 6 1 3 2 7 8 9]
client 3: discard 4.029273986816406e-05, collect 0.0008261203765869141, sum 0.0008664131164550781
8 97 [3 5 6 7 0 2 1 9]
client 4: discard 3.337860107421875e-05, collect 0.0006990432739257812, sum 0.000732421875
round time = 86.03655958175659
8 96 [8 0 4 3 9 1 2 6]
client 0: discard 2.3365020751953125e-05, collect 0.0005025863647460938, sum 0.0005259513854980469
8 96 [5 8 3 9 2 1 0 7]
client 1: discard 3.0517578125e-05, collect 0.0008821487426757812, sum 0.0009126663208007812
8 96 [0 6 9 3 2 4 5 1]
client 2: discard 3.7670135498046875e-05, collect 0.0007052421569824219, sum 0.0007429122924804688
8 96 [0 6 1 3 2 7 8 9]
client 3: discard 4.744529724121094e-05, collect 0.0008487701416015625, sum 0.0008962154388427734
8 96 [3 5 6 7 0 2 1 9]
client 4: discard 3.266334533691406e-05, collect 0.0007190704345703125, sum 0.0007517337799072266
round time = 88.51631546020508
8 97 [8 0 4 3 9 1 2 6]
client 0: discard 4.553794860839844e-05, collect 0.0006330013275146484, sum 0.0006785392761230469
8 97 [5 8 3 9 2 1 0 7]
client 1: discard 2.6464462280273438e-05, collect 0.0009393692016601562, sum 0.0009658336639404297
8 97 [0 6 9 3 2 4 5 1]
client 2: discard 2.8848648071289062e-05, collect 0.0006589889526367188, sum 0.0006878376007080078
8 97 [0 6 1 3 2 7 8 9]
client 3: discard 5.078315734863281e-05, collect 0.0008723735809326172, sum 0.00092315673828125
8 97 [3 5 6 7 0 2 1 9]
client 4: discard 3.743171691894531e-05, collect 0.0007328987121582031, sum 0.0007703304290771484
round time = 88.74799656867981
8 96 [8 0 4 3 9 1 2 6]
client 0: discard 5.14984130859375e-05, collect 0.0006635189056396484, sum 0.0007150173187255859
8 96 [5 8 3 9 2 1 0 7]
client 1: discard 3.24249267578125e-05, collect 0.0009257793426513672, sum 0.0009582042694091797
8 96 [0 6 9 3 2 4 5 1]
client 2: discard 3.6716461181640625e-05, collect 0.0006394386291503906, sum 0.0006761550903320312
8 96 [0 6 1 3 2 7 8 9]
 14%|█▍        | 14/100 [18:21<2:05:34, 87.61s/it] 15%|█▌        | 15/100 [19:50<2:04:45, 88.07s/it] 16%|█▌        | 16/100 [21:22<2:05:11, 89.42s/it] 17%|█▋        | 17/100 [22:52<2:03:41, 89.42s/it] 18%|█▊        | 18/100 [24:21<2:02:00, 89.28s/it]