Running FedStream with: Dir=1.0, Init_Class=10, Epoch=30
Files already downloaded and verified
Files already downloaded and verified
has read
Files already downloaded and verified
Files already downloaded and verified
  0%|          | 0/100 [00:00<?, ?it/s]  1%|          | 1/100 [01:15<2:04:35, 75.51s/it]  2%|▏         | 2/100 [02:36<2:08:32, 78.70s/it]  2%|▏         | 2/100 [03:12<2:37:26, 96.39s/it]
10 77 [8 0 4 3 9 1 2 6 7 5]
10 70 [5 8 3 9 2 1 0 7 4 6]
10 75 [0 6 9 3 2 4 5 1 8 7]
10 76 [0 6 1 3 2 7 8 9 5 4]
10 77 [3 5 6 7 0 2 1 9 8 4]
round time = 72.04973459243774
10 55 [8 0 4 3 9 1 2 6 7 5]
client 0: discard 2.7894973754882812e-05, collect 0.0008480548858642578, sum 0.0008759498596191406
10 56 [5 8 3 9 2 1 0 7 4 6]
client 1: discard 3.075599670410156e-05, collect 0.0011150836944580078, sum 0.0011458396911621094
10 56 [0 6 9 3 2 4 5 1 8 7]
client 2: discard 5.125999450683594e-05, collect 0.0012085437774658203, sum 0.0012598037719726562
10 55 [0 6 1 3 2 7 8 9 5 4]
client 3: discard 4.1484832763671875e-05, collect 0.001010894775390625, sum 0.0010523796081542969
10 55 [3 5 6 7 0 2 1 9 8 4]
client 4: discard 3.266334533691406e-05, collect 0.0008695125579833984, sum 0.0009021759033203125
round time = 80.9312105178833
10 66 [8 0 4 3 9 1 2 6 7 5]
client 0: discard 5.030632019042969e-05, collect 0.0010409355163574219, sum 0.0010912418365478516
10 66 [5 8 3 9 2 1 0 7 4 6]
client 1: discard 2.86102294921875e-05, collect 0.0010318756103515625, sum 0.00106048583984375
Traceback (most recent call last):
  File "/home/kemove/lt/FedAlgorithm/alg/FedStream.py", line 770, in <module>
    alg.online_train()
  File "/home/kemove/lt/FedAlgorithm/alg/FedStream.py", line 733, in online_train
    global_loss_list, accuracy_list = self.alg.run(
                                      ^^^^^^^^^^^^^
  File "/home/kemove/lt/FedAlgorithm/alg/FedAvg.py", line 115, in run
    result = self.client_group.clients[k].local_update_avg(
             ^^^^^^^^^^^^^^^^^^^^^^^^^^^^^^^^^^^^^^^^^^^^^^
  File "/home/kemove/lt/FedAlgorithm/alg/Clients.py", line 199, in local_update_avg
    for batch in dataloader:
  File "/home/kemove/anaconda3/envs/test/lib/python3.11/site-packages/torch/utils/data/dataloader.py", line 631, in __next__
    data = self._next_data()
           ^^^^^^^^^^^^^^^^^
  File "/home/kemove/anaconda3/envs/test/lib/python3.11/site-packages/torch/utils/data/dataloader.py", line 675, in _next_data
    data = self._dataset_fetcher.fetch(index)  # may raise StopIteration
           ^^^^^^^^^^^^^^^^^^^^^^^^^^^^^^^^^^
  File "/home/kemove/anaconda3/envs/test/lib/python3.11/site-packages/torch/utils/data/_utils/fetch.py", line 51, in fetch
    data = [self.dataset[idx] for idx in possibly_batched_index]
           ^^^^^^^^^^^^^^^^^^^^^^^^^^^^^^^^^^^^^^^^^^^^^^^^^^^^^
  File "/home/kemove/anaconda3/envs/test/lib/python3.11/site-packages/torch/utils/data/_utils/fetch.py", line 51, in <listcomp>
    data = [self.dataset[idx] for idx in possibly_batched_index]
            ~~~~~~~~~~~~^^^^^
  File "/home/kemove/anaconda3/envs/test/lib/python3.11/site-packages/torch/utils/data/dataset.py", line 348, in __getitem__
    return self.datasets[dataset_idx][sample_idx]
           ~~~~~~~~~~~~~~~~~~~~~~~~~~^^^^^^^^^^^^
  File "/home/kemove/anaconda3/envs/test/lib/python3.11/site-packages/torch/utils/data/dataset.py", line 348, in __getitem__
    return self.datasets[dataset_idx][sample_idx]
           ~~~~~~~~~~~~~~~~~~~~~~~~~~^^^^^^^^^^^^
  File "/home/kemove/anaconda3/envs/test/lib/python3.11/site-packages/torch/utils/data/dataset.py", line 348, in __getitem__
    return self.datasets[dataset_idx][sample_idx]
           ~~~~~~~~~~~~~~~~~~~~~~~~~~^^^^^^^^^^^^
  [Previous line repeated 7 more times]
  File "/home/kemove/anaconda3/envs/test/lib/python3.11/site-packages/torch/utils/data/dataset.py", line 411, in __getitem__
    return self.dataset[self.indices[idx]]
           ~~~~~~~~~~~~^^^^^^^^^^^^^^^^^^^
  File "/home/kemove/anaconda3/envs/test/lib/python3.11/site-packages/torch/utils/data/dataset.py", line 348, in __getitem__
    return self.datasets[dataset_idx][sample_idx]
           ~~~~~~~~~~~~~~~~~~~~~~~~~~^^^^^^^^^^^^
  File "/home/kemove/anaconda3/envs/test/lib/python3.11/site-packages/torch/utils/data/dataset.py", line 348, in __getitem__
    return self.datasets[dataset_idx][sample_idx]
           ~~~~~~~~~~~~~~~~~~~~~~~~~~^^^^^^^^^^^^
  File "/home/kemove/anaconda3/envs/test/lib/python3.11/site-packages/torch/utils/data/dataset.py", line 348, in __getitem__
    return self.datasets[dataset_idx][sample_idx]
           ~~~~~~~~~~~~~~~~~~~~~~~~~~^^^^^^^^^^^^
  [Previous line repeated 4 more times]
  File "/home/kemove/anaconda3/envs/test/lib/python3.11/site-packages/torch/utils/data/dataset.py", line 411, in __getitem__
    return self.dataset[self.indices[idx]]
           ~~~~~~~~~~~~^^^^^^^^^^^^^^^^^^^
  File "/home/kemove/anaconda3/envs/test/lib/python3.11/site-packages/torch/utils/data/dataset.py", line 411, in __getitem__
    return self.dataset[self.indices[idx]]
           ~~~~~~~~~~~~^^^^^^^^^^^^^^^^^^^
  File "/home/kemove/lt/FedAlgorithm/alg/Clients.py", line 37, in __getitem__
    data = self.trans(self.local_data[index])
           ^^^^^^^^^^^^^^^^^^^^^^^^^^^^^^^^^^
  File "/home/kemove/anaconda3/envs/test/lib/python3.11/site-packages/torchvision/transforms/transforms.py", line 95, in __call__
    img = t(img)
          ^^^^^^
  File "/home/kemove/anaconda3/envs/test/lib/python3.11/site-packages/torch/nn/modules/module.py", line 1532, in _wrapped_call_impl
    return self._call_impl(*args, **kwargs)
           ^^^^^^^^^^^^^^^^^^^^^^^^^^^^^^^^
  File "/home/kemove/anaconda3/envs/test/lib/python3.11/site-packages/torch/nn/modules/module.py", line 1541, in _call_impl
    return forward_call(*args, **kwargs)
           ^^^^^^^^^^^^^^^^^^^^^^^^^^^^^
  File "/home/kemove/anaconda3/envs/test/lib/python3.11/site-packages/torchvision/transforms/transforms.py", line 681, in forward
    i, j, h, w = self.get_params(img, self.size)
                 ^^^^^^^^^^^^^^^^^^^^^^^^^^^^^^^
  File "/home/kemove/anaconda3/envs/test/lib/python3.11/site-packages/torchvision/transforms/transforms.py", line 646, in get_params
    j = torch.randint(0, w - tw + 1, size=(1,)).item()
        ^^^^^^^^^^^^^^^^^^^^^^^^^^^^^^^^^^^^^^^
KeyboardInterrupt
