Running FedStream with: Dir=1.0, Init_Class=10, Epoch=20
Files already downloaded and verified
Files already downloaded and verified
has read
Files already downloaded and verified
Files already downloaded and verified
  0%|          | 0/100 [00:00<?, ?it/s]  1%|          | 1/100 [00:47<1:17:41, 47.09s/it]  2%|▏         | 2/100 [01:39<1:22:21, 50.43s/it]  3%|▎         | 3/100 [02:44<1:31:49, 56.80s/it]  4%|▍         | 4/100 [03:57<1:41:33, 63.48s/it]  5%|▌         | 5/100 [05:13<1:47:23, 67.83s/it]  6%|▌         | 6/100 [06:37<1:55:02, 73.43s/it]  7%|▋         | 7/100 [08:03<1:59:48, 77.30s/it]  8%|▊         | 8/100 [09:29<2:02:52, 80.14s/it]  9%|▉         | 9/100 [10:56<2:04:40, 82.20s/it] 10%|█         | 10/100 [12:22<2:05:27, 83.64s/it] 11%|█         | 11/100 [13:50<2:05:50, 84.84s/it] 12%|█▏        | 12/100 [15:13<2:03:42, 84.35s/it] 13%|█▎        | 13/100 [16:36<2:01:50, 84.03s/it]10 77 [8 0 4 3 9 1 2 6 7 5]
10 70 [5 8 3 9 2 1 0 7 4 6]
10 75 [0 6 9 3 2 4 5 1 8 7]
10 76 [0 6 1 3 2 7 8 9 5 4]
10 77 [3 5 6 7 0 2 1 9 8 4]
round time = 43.72729563713074
10 55 [8 0 4 3 9 1 2 6 7 5]
client 0: discard 3.314018249511719e-05, collect 0.0008819103240966797, sum 0.0009150505065917969
10 56 [5 8 3 9 2 1 0 7 4 6]
client 1: discard 3.123283386230469e-05, collect 0.0011217594146728516, sum 0.0011529922485351562
10 56 [0 6 9 3 2 4 5 1 8 7]
client 2: discard 3.743171691894531e-05, collect 0.0011112689971923828, sum 0.0011487007141113281
10 55 [0 6 1 3 2 7 8 9 5 4]
client 3: discard 3.0040740966796875e-05, collect 0.0010809898376464844, sum 0.0011110305786132812
10 55 [3 5 6 7 0 2 1 9 8 4]
client 4: discard 4.00543212890625e-05, collect 0.0008740425109863281, sum 0.0009140968322753906
round time = 52.76448106765747
10 66 [8 0 4 3 9 1 2 6 7 5]
client 0: discard 4.172325134277344e-05, collect 0.0009775161743164062, sum 0.0010192394256591797
10 66 [5 8 3 9 2 1 0 7 4 6]
client 1: discard 2.4080276489257812e-05, collect 0.0008404254913330078, sum 0.0008645057678222656
10 66 [0 6 9 3 2 4 5 1 8 7]
client 2: discard 2.9325485229492188e-05, collect 0.000990152359008789, sum 0.0010194778442382812
10 66 [0 6 1 3 2 7 8 9 5 4]
client 3: discard 2.8371810913085938e-05, collect 0.0007956027984619141, sum 0.000823974609375
10 66 [3 5 6 7 0 2 1 9 8 4]
client 4: discard 3.1948089599609375e-05, collect 0.0010423660278320312, sum 0.0010743141174316406
round time = 64.37281727790833
10 73 [8 0 4 3 9 1 2 6 7 5]
client 0: discard 3.361701965332031e-05, collect 0.0008213520050048828, sum 0.0008549690246582031
10 72 [5 8 3 9 2 1 0 7 4 6]
client 1: discard 2.5510787963867188e-05, collect 0.0010235309600830078, sum 0.001049041748046875
10 72 [0 6 9 3 2 4 5 1 8 7]
client 2: discard 2.6941299438476562e-05, collect 0.0008528232574462891, sum 0.0008797645568847656
10 72 [0 6 1 3 2 7 8 9 5 4]
client 3: discard 3.337860107421875e-05, collect 0.0008425712585449219, sum 0.0008759498596191406
10 73 [3 5 6 7 0 2 1 9 8 4]
client 4: discard 2.8848648071289062e-05, collect 0.001008749008178711, sum 0.00103759765625
round time = 73.7223424911499
10 75 [8 0 4 3 9 1 2 6 7 5]
client 0: discard 4.8160552978515625e-05, collect 0.0008392333984375, sum 0.0008873939514160156
10 75 [5 8 3 9 2 1 0 7 4 6]
client 1: discard 2.6464462280273438e-05, collect 0.0008406639099121094, sum 0.0008671283721923828
10 75 [0 6 9 3 2 4 5 1 8 7]
client 2: discard 3.24249267578125e-05, collect 0.0009708404541015625, sum 0.001003265380859375
10 75 [0 6 1 3 2 7 8 9 5 4]
client 3: discard 3.075599670410156e-05, collect 0.0008523464202880859, sum 0.0008831024169921875
10 75 [3 5 6 7 0 2 1 9 8 4]
client 4: discard 2.9325485229492188e-05, collect 0.0008015632629394531, sum 0.0008308887481689453
round time = 75.54382705688477
10 76 [8 0 4 3 9 1 2 6 7 5]
client 0: discard 4.744529724121094e-05, collect 0.00083160400390625, sum 0.0008790493011474609
10 77 [5 8 3 9 2 1 0 7 4 6]
client 1: discard 2.6702880859375e-05, collect 0.0010266304016113281, sum 0.0010533332824707031
10 77 [0 6 9 3 2 4 5 1 8 7]
client 2: discard 2.5033950805664062e-05, collect 0.0007979869842529297, sum 0.0008230209350585938
10 77 [0 6 1 3 2 7 8 9 5 4]
client 3: discard 4.029273986816406e-05, collect 0.0008416175842285156, sum 0.0008819103240966797
10 76 [3 5 6 7 0 2 1 9 8 4]
client 4: discard 3.170967102050781e-05, collect 0.0009961128234863281, sum 0.001027822494506836
round time = 81.07715630531311
10 77 [8 0 4 3 9 1 2 6 7 5]
client 0: discard 2.1457672119140625e-05, collect 0.0006163120269775391, sum 0.0006377696990966797
10 77 [5 8 3 9 2 1 0 7 4 6]
client 1: discard 3.6716461181640625e-05, collect 0.0007991790771484375, sum 0.0008358955383300781
10 77 [0 6 9 3 2 4 5 1 8 7]
client 2: discard 2.5510787963867188e-05, collect 0.0009684562683105469, sum 0.000993967056274414
10 77 [0 6 1 3 2 7 8 9 5 4]
client 3: discard 2.4318695068359375e-05, collect 0.0008492469787597656, sum 0.000873565673828125
10 77 [3 5 6 7 0 2 1 9 8 4]
client 4: discard 3.933906555175781e-05, collect 0.0008566379547119141, sum 0.0008959770202636719
round time = 85.26377439498901
10 77 [8 0 4 3 9 1 2 6 7 5]
client 0: discard 4.506111145019531e-05, collect 0.0009579658508300781, sum 0.0010030269622802734
10 77 [5 8 3 9 2 1 0 7 4 6]
client 1: discard 2.4080276489257812e-05, collect 0.0008344650268554688, sum 0.0008585453033447266
10 77 [0 6 9 3 2 4 5 1 8 7]
client 2: discard 3.2901763916015625e-05, collect 0.000782012939453125, sum 0.0008149147033691406
10 77 [0 6 1 3 2 7 8 9 5 4]
client 3: discard 2.9802322387695312e-05, collect 0.001024484634399414, sum 0.0010542869567871094
10 77 [3 5 6 7 0 2 1 9 8 4]
client 4: discard 3.337860107421875e-05, collect 0.0008461475372314453, sum 0.0008795261383056641
round time = 86.21964430809021
10 77 [8 0 4 3 9 1 2 6 7 5]
client 0: discard 4.792213439941406e-05, collect 0.0007724761962890625, sum 0.0008203983306884766
10 77 [5 8 3 9 2 1 0 7 4 6]
client 1: discard 2.5033950805664062e-05, collect 0.0009837150573730469, sum 0.001008749008178711
10 77 [0 6 9 3 2 4 5 1 8 7]
client 2: discard 3.528594970703125e-05, collect 0.0008652210235595703, sum 0.0009005069732666016
10 77 [0 6 1 3 2 7 8 9 5 4]
client 3: discard 3.24249267578125e-05, collect 0.0008082389831542969, sum 0.0008406639099121094
10 77 [3 5 6 7 0 2 1 9 8 4]
client 4: discard 3.1948089599609375e-05, collect 0.0007977485656738281, sum 0.0008296966552734375
round time = 86.73069930076599
10 77 [8 0 4 3 9 1 2 6 7 5]
client 0: discard 4.506111145019531e-05, collect 0.0010192394256591797, sum 0.001064300537109375
10 77 [5 8 3 9 2 1 0 7 4 6]
client 1: discard 2.3126602172851562e-05, collect 0.0007932186126708984, sum 0.00081634521484375
10 77 [0 6 9 3 2 4 5 1 8 7]
client 2: discard 2.7894973754882812e-05, collect 0.0008099079132080078, sum 0.0008378028869628906
10 77 [0 6 1 3 2 7 8 9 5 4]
client 3: discard 3.838539123535156e-05, collect 0.0010075569152832031, sum 0.0010459423065185547
10 77 [3 5 6 7 0 2 1 9 8 4]
client 4: discard 3.266334533691406e-05, collect 0.0008184909820556641, sum 0.0008511543273925781
round time = 86.84758019447327
10 77 [8 0 4 3 9 1 2 6 7 5]
client 0: discard 5.030632019042969e-05, collect 0.0007910728454589844, sum 0.0008413791656494141
10 77 [5 8 3 9 2 1 0 7 4 6]
client 1: discard 2.4080276489257812e-05, collect 0.0010077953338623047, sum 0.0010318756103515625
10 77 [0 6 9 3 2 4 5 1 8 7]
client 2: discard 3.647804260253906e-05, collect 0.0007948875427246094, sum 0.0008313655853271484
10 77 [0 6 1 3 2 7 8 9 5 4]
client 3: discard 3.147125244140625e-05, collect 0.0008435249328613281, sum 0.0008749961853027344
10 77 [3 5 6 7 0 2 1 9 8 4]
client 4: discard 3.218650817871094e-05, collect 0.0010318756103515625, sum 0.0010640621185302734
round time = 84.34278321266174
10 77 [8 0 4 3 9 1 2 6 7 5]
client 0: discard 2.1219253540039062e-05, collect 0.0006625652313232422, sum 0.0006837844848632812
10 77 [5 8 3 9 2 1 0 7 4 6]
client 1: discard 2.6702880859375e-05, collect 0.0008058547973632812, sum 0.0008325576782226562
10 77 [0 6 9 3 2 4 5 1 8 7]
client 2: discard 3.8623809814453125e-05, collect 0.0010297298431396484, sum 0.0010683536529541016
10 77 [0 6 1 3 2 7 8 9 5 4]
client 3: discard 3.218650817871094e-05, collect 0.000782012939453125, sum 0.0008141994476318359
10 77 [3 5 6 7 0 2 1 9 8 4]
client 4: discard 3.1948089599609375e-05, collect 0.0008161067962646484, sum 0.0008480548858642578
round time = 83.21936511993408
10 77 [8 0 4 3 9 1 2 6 7 5]
client 0: discard 4.863739013671875e-05, collect 0.0009560585021972656, sum 0.0010046958923339844
10 77 [5 8 3 9 2 1 0 7 4 6]
client 1: discard 2.6941299438476562e-05, collect 0.0008611679077148438, sum 0.0008881092071533203
10 77 [0 6 9 3 2 4 5 1 8 7]
client 2: discard 4.649162292480469e-05, collect 0.0007991790771484375, sum 0.0008456707000732422
10 77 [0 6 1 3 2 7 8 9 5 4]
client 3: discard 3.24249267578125e-05, collect 0.0009777545928955078, sum 0.0010101795196533203
10 77 [3 5 6 7 0 2 1 9 8 4]
client 4: discard 3.075599670410156e-05, collect 0.0008432865142822266, sum 0.0008740425109863281
round time = 83.30584979057312
10 77 [8 0 4 3 9 1 2 6 7 5]
 14%|█▍        | 14/100 [18:00<2:00:06, 83.79s/it] 15%|█▌        | 15/100 [19:23<1:58:32, 83.67s/it] 16%|█▌        | 16/100 [20:50<1:58:39, 84.76s/it] 17%|█▋        | 17/100 [22:19<1:58:56, 85.98s/it] 18%|█▊        | 18/100 [23:48<1:58:48, 86.94s/it]