Running FedStream with: Dir=1.0, Init_Class=10, Epoch=20
Files already downloaded and verified
Files already downloaded and verified
has read
Files already downloaded and verified
Files already downloaded and verified
  0%|          | 0/100 [00:00<?, ?it/s]  1%|          | 1/100 [00:50<1:22:36, 50.06s/it]  2%|▏         | 2/100 [01:47<1:28:50, 54.40s/it]  3%|▎         | 3/100 [02:57<1:39:14, 61.39s/it]  3%|▎         | 3/100 [03:01<1:37:46, 60.48s/it]
10 77 [8 0 4 3 9 1 2 6 7 5]
10 70 [5 8 3 9 2 1 0 7 4 6]
10 75 [0 6 9 3 2 4 5 1 8 7]
10 76 [0 6 1 3 2 7 8 9 5 4]
10 77 [3 5 6 7 0 2 1 9 8 4]
10 55 [8 0 4 3 9 1 2 6 7 5]
10 56 [5 8 3 9 2 1 0 7 4 6]
10 56 [0 6 9 3 2 4 5 1 8 7]
10 55 [0 6 1 3 2 7 8 9 5 4]
10 55 [3 5 6 7 0 2 1 9 8 4]
10 66 [8 0 4 3 9 1 2 6 7 5]
10 66 [5 8 3 9 2 1 0 7 4 6]
10 66 [0 6 9 3 2 4 5 1 8 7]
10 66 [0 6 1 3 2 7 8 9 5 4]
10 66 [3 5 6 7 0 2 1 9 8 4]
10 73 [8 0 4 3 9 1 2 6 7 5]
Traceback (most recent call last):
  File "/home/kemove/lt/FedAlgorithm/alg/FedStream.py", line 770, in <module>
    alg.online_train()
  File "/home/kemove/lt/FedAlgorithm/alg/FedStream.py", line 733, in online_train
    global_loss_list, accuracy_list = self.alg.run(
                                      ^^^^^^^^^^^^^
  File "/home/kemove/lt/FedAlgorithm/alg/FedDyn.py", line 134, in run
    ].local_update_dyn(
      ^^^^^^^^^^^^^^^^^
  File "/home/kemove/lt/FedAlgorithm/alg/Clients.py", line 306, in local_update_dyn
    loss.backward()
  File "/home/kemove/anaconda3/envs/test/lib/python3.11/site-packages/torch/_tensor.py", line 525, in backward
    torch.autograd.backward(
  File "/home/kemove/anaconda3/envs/test/lib/python3.11/site-packages/torch/autograd/__init__.py", line 267, in backward
    _engine_run_backward(
  File "/home/kemove/anaconda3/envs/test/lib/python3.11/site-packages/torch/autograd/graph.py", line 744, in _engine_run_backward
    return Variable._execution_engine.run_backward(  # Calls into the C++ engine to run the backward pass
           ^^^^^^^^^^^^^^^^^^^^^^^^^^^^^^^^^^^^^^^^^^^^^^^^^^^^^^^^^^^^^^^^^^^^^^^^^^^^^^^^^^^^^^^^^^^^^^
KeyboardInterrupt
