Traceback (most recent call last):
  File "/home/kemove/lt/FedAlgorithm/alg/FedStream.py", line 7, in <module>
    from skopt import gp_minimize
  File "/home/kemove/anaconda3/envs/test/lib/python3.11/site-packages/skopt/__init__.py", line 21, in <module>
    from . import (
  File "/home/kemove/anaconda3/envs/test/lib/python3.11/site-packages/skopt/acquisition.py", line 6, in <module>
    from scipy.stats import norm
  File "/home/kemove/anaconda3/envs/test/lib/python3.11/site-packages/scipy/stats/__init__.py", line 606, in <module>
    from ._stats_py import *
  File "/home/kemove/anaconda3/envs/test/lib/python3.11/site-packages/scipy/stats/_stats_py.py", line 49, in <module>
    from . import distributions
  File "/home/kemove/anaconda3/envs/test/lib/python3.11/site-packages/scipy/stats/distributions.py", line 10, in <module>
    from . import _continuous_distns
  File "/home/kemove/anaconda3/envs/test/lib/python3.11/site-packages/scipy/stats/_continuous_distns.py", line 3991, in <module>
    gompertz = gompertz_gen(a=0.0, name='gompertz')
               ^^^^^^^^^^^^^^^^^^^^^^^^^^^^^^^^^^^^
  File "/home/kemove/anaconda3/envs/test/lib/python3.11/site-packages/scipy/stats/_distn_infrastructure.py", line 1850, in __init__
    self._construct_doc(docdict, dct.get(self.name))
  File "/home/kemove/anaconda3/envs/test/lib/python3.11/site-packages/scipy/stats/_distn_infrastructure.py", line 812, in _construct_doc
    self.__doc__ = doccer.docformat(self.__doc__, tempdict)
                   ^^^^^^^^^^^^^^^^^^^^^^^^^^^^^^^^^^^^^^^^
  File "/home/kemove/anaconda3/envs/test/lib/python3.11/site-packages/scipy/_lib/doccer.py", line 61, in docformat
    lines = dstr.expandtabs().splitlines()
            ^^^^^^^^^^^^^^^^^^^^^^^^^^^^^^
KeyboardInterrupt
