Running FedStream with: Dir=0.8, Init_Class=10, Epoch=20
Using downloaded and verified file: ../data/train_32x32.mat
Using downloaded and verified file: ../data/test_32x32.mat
has read
Using downloaded and verified file: ../data/train_32x32.mat
Using downloaded and verified file: ../data/test_32x32.mat
  0%|          | 0/100 [00:00<?, ?it/s]  1%|          | 1/100 [00:50<1:24:06, 50.97s/it]  2%|▏         | 2/100 [01:43<1:24:46, 51.90s/it]  3%|▎         | 3/100 [02:46<1:32:21, 57.13s/it]  4%|▍         | 4/100 [04:01<1:42:26, 64.03s/it]  5%|▌         | 5/100 [05:23<1:51:46, 70.59s/it]  6%|▌         | 6/100 [06:58<2:03:18, 78.71s/it]  7%|▋         | 7/100 [08:25<2:06:18, 81.49s/it]  8%|▊         | 8/100 [09:53<2:08:17, 83.67s/it]  9%|▉         | 9/100 [11:21<2:08:49, 84.94s/it] 10%|█         | 10/100 [12:51<2:09:55, 86.61s/it] 11%|█         | 11/100 [14:32<2:14:44, 90.84s/it] 12%|█▏        | 12/100 [16:03<2:13:23, 90.95s/it] 13%|█▎        | 13/100 [17:34<2:11:43, 90.84s/it] 14%|█▍        | 14/100 [19:04<2:10:10, 90.82s/it] 15%|█▌        | 15/100 [20:36<2:08:55, 91.01s/it] 16%|█▌        | 16/100 [22:15<2:11:05, 93.64s/it] 17%|█▋        | 17/100 [23:47<2:08:50, 93.13s/it] 18%|█▊        | 18/100 [25:19<2:06:44, 92.74s/it] 18%|█▊        | 18/100 [26:18<1:59:51, 87.70s/it]
8 96 [7 4 8 2 0 1 5 6]
8 88 [0 5 2 3 1 7 4 6]
8 94 [0 6 8 5 4 7 1 2]
8 95 [5 0 2 8 4 6 7 3]
8 96 [8 7 2 9 6 4 5 0]
round time = 42.64441990852356
8 70 [7 4 8 2 0 1 5 6]
8 69 [0 5 2 3 1 7 4 6]
8 69 [0 6 8 5 4 7 1 2]
8 69 [5 0 2 8 4 6 7 3]
8 70 [8 7 2 9 6 4 5 0]
round time = 52.548115253448486
8 83 [7 4 8 2 0 1 5 6]
8 83 [0 5 2 3 1 7 4 6]
8 83 [0 6 8 5 4 7 1 2]
8 83 [5 0 2 8 4 6 7 3]
8 83 [8 7 2 9 6 4 5 0]
round time = 63.34779238700867
8 90 [7 4 8 2 0 1 5 6]
8 90 [0 5 2 3 1 7 4 6]
8 90 [0 6 8 5 4 7 1 2]
8 90 [5 0 2 8 4 6 7 3]
8 90 [8 7 2 9 6 4 5 0]
round time = 74.61118197441101
8 94 [7 4 8 2 0 1 5 6]
8 94 [0 5 2 3 1 7 4 6]
8 94 [0 6 8 5 4 7 1 2]
8 94 [5 0 2 8 4 6 7 3]
8 94 [8 7 2 9 6 4 5 0]
round time = 82.22561359405518
8 96 [7 4 8 2 0 1 5 6]
8 96 [0 5 2 3 1 7 4 6]
8 96 [0 6 8 5 4 7 1 2]
8 96 [5 0 2 8 4 6 7 3]
8 96 [8 7 2 9 6 4 5 0]
round time = 85.81925296783447
8 96 [7 4 8 2 0 1 5 6]
8 96 [0 5 2 3 1 7 4 6]
8 96 [0 6 8 5 4 7 1 2]
8 96 [5 0 2 8 4 6 7 3]
8 96 [8 7 2 9 6 4 5 0]
round time = 87.20250344276428
8 96 [7 4 8 2 0 1 5 6]
8 96 [0 5 2 3 1 7 4 6]
8 96 [0 6 8 5 4 7 1 2]
8 96 [5 0 2 8 4 6 7 3]
8 96 [8 7 2 9 6 4 5 0]
round time = 88.34166598320007
8 97 [7 4 8 2 0 1 5 6]
8 97 [0 5 2 3 1 7 4 6]
8 97 [0 6 8 5 4 7 1 2]
8 97 [5 0 2 8 4 6 7 3]
8 97 [8 7 2 9 6 4 5 0]
round time = 87.74309945106506
8 96 [7 4 8 2 0 1 5 6]
8 96 [0 5 2 3 1 7 4 6]
8 96 [0 6 8 5 4 7 1 2]
8 96 [5 0 2 8 4 6 7 3]
8 96 [8 7 2 9 6 4 5 0]
round time = 90.34998106956482
8 97 [7 4 8 2 0 1 5 6]
8 97 [0 5 2 3 1 7 4 6]
8 97 [0 6 8 5 4 7 1 2]
8 97 [5 0 2 8 4 6 7 3]
8 97 [8 7 2 9 6 4 5 0]
round time = 91.9212851524353
8 96 [7 4 8 2 0 1 5 6]
8 96 [0 5 2 3 1 7 4 6]
8 96 [0 6 8 5 4 7 1 2]
8 96 [5 0 2 8 4 6 7 3]
8 96 [8 7 2 9 6 4 5 0]
round time = 91.19061255455017
8 97 [7 4 8 2 0 1 5 6]
8 97 [0 5 2 3 1 7 4 6]
8 97 [0 6 8 5 4 7 1 2]
8 97 [5 0 2 8 4 6 7 3]
8 97 [8 7 2 9 6 4 5 0]
round time = 90.60764050483704
8 96 [7 4 8 2 0 1 5 6]
8 96 [0 5 2 3 1 7 4 6]
8 96 [0 6 8 5 4 7 1 2]
8 96 [5 0 2 8 4 6 7 3]
8 96 [8 7 2 9 6 4 5 0]
round time = 90.75689315795898
8 97 [7 4 8 2 0 1 5 6]
8 97 [0 5 2 3 1 7 4 6]
8 97 [0 6 8 5 4 7 1 2]
8 97 [5 0 2 8 4 6 7 3]
8 97 [8 7 2 9 6 4 5 0]
round time = 91.44153189659119
8 96 [7 4 8 2 0 1 5 6]
8 96 [0 5 2 3 1 7 4 6]
8 96 [0 6 8 5 4 7 1 2]
8 96 [5 0 2 8 4 6 7 3]
8 96 [8 7 2 9 6 4 5 0]
round time = 90.92269849777222
8 97 [7 4 8 2 0 1 5 6]
8 97 [0 5 2 3 1 7 4 6]
8 97 [0 6 8 5 4 7 1 2]
8 97 [5 0 2 8 4 6 7 3]
8 97 [8 7 2 9 6 4 5 0]
round time = 91.96260404586792
8 96 [7 4 8 2 0 1 5 6]
8 96 [0 5 2 3 1 7 4 6]
8 96 [0 6 8 5 4 7 1 2]
8 96 [5 0 2 8 4 6 7 3]
8 96 [8 7 2 9 6 4 5 0]
round time = 91.81192064285278
8 97 [7 4 8 2 0 1 5 6]
8 97 [0 5 2 3 1 7 4 6]
8 97 [0 6 8 5 4 7 1 2]
8 97 [5 0 2 8 4 6 7 3]
Traceback (most recent call last):
  File "/home/kemove/lt/FedAlgorithm/alg/FedStream.py", line 775, in <module>
    alg.online_train()
  File "/home/kemove/lt/FedAlgorithm/alg/FedStream.py", line 738, in online_train
    global_loss_list, accuracy_list = self.alg.run(
                                      ^^^^^^^^^^^^^
  File "/home/kemove/lt/FedAlgorithm/alg/FedAvg.py", line 105, in run
    result = self.client_group.clients[k].local_update_avg(
             ^^^^^^^^^^^^^^^^^^^^^^^^^^^^^^^^^^^^^^^^^^^^^^
  File "/home/kemove/lt/FedAlgorithm/alg/Clients.py", line 200, in local_update_avg
    )
     
  File "/home/kemove/anaconda3/envs/test/lib/python3.11/site-packages/torch/utils/data/dataloader.py", line 631, in __next__
    data = self._next_data()
           ^^^^^^^^^^^^^^^^^
  File "/home/kemove/anaconda3/envs/test/lib/python3.11/site-packages/torch/utils/data/dataloader.py", line 675, in _next_data
    data = self._dataset_fetcher.fetch(index)  # may raise StopIteration
           ^^^^^^^^^^^^^^^^^^^^^^^^^^^^^^^^^^
  File "/home/kemove/anaconda3/envs/test/lib/python3.11/site-packages/torch/utils/data/_utils/fetch.py", line 51, in fetch
    data = [self.dataset[idx] for idx in possibly_batched_index]
           ^^^^^^^^^^^^^^^^^^^^^^^^^^^^^^^^^^^^^^^^^^^^^^^^^^^^^
  File "/home/kemove/anaconda3/envs/test/lib/python3.11/site-packages/torch/utils/data/_utils/fetch.py", line 51, in <listcomp>
    data = [self.dataset[idx] for idx in possibly_batched_index]
            ~~~~~~~~~~~~^^^^^
  File "/home/kemove/anaconda3/envs/test/lib/python3.11/site-packages/torch/utils/data/dataset.py", line 348, in __getitem__
    return self.datasets[dataset_idx][sample_idx]
           ~~~~~~~~~~~~~~~~~~~~~~~~~~^^^^^^^^^^^^
  File "/home/kemove/anaconda3/envs/test/lib/python3.11/site-packages/torch/utils/data/dataset.py", line 348, in __getitem__
    return self.datasets[dataset_idx][sample_idx]
           ~~~~~~~~~~~~~~~~~~~~~~~~~~^^^^^^^^^^^^
  File "/home/kemove/anaconda3/envs/test/lib/python3.11/site-packages/torch/utils/data/dataset.py", line 348, in __getitem__
    return self.datasets[dataset_idx][sample_idx]
           ~~~~~~~~~~~~~~~~~~~~~~~~~~^^^^^^^^^^^^
  [Previous line repeated 5 more times]
  File "/home/kemove/anaconda3/envs/test/lib/python3.11/site-packages/torch/utils/data/dataset.py", line 411, in __getitem__
    return self.dataset[self.indices[idx]]
           ~~~~~~~~~~~~^^^^^^^^^^^^^^^^^^^
  File "/home/kemove/anaconda3/envs/test/lib/python3.11/site-packages/torch/utils/data/dataset.py", line 348, in __getitem__
    return self.datasets[dataset_idx][sample_idx]
           ~~~~~~~~~~~~~~~~~~~~~~~~~~^^^^^^^^^^^^
  File "/home/kemove/anaconda3/envs/test/lib/python3.11/site-packages/torch/utils/data/dataset.py", line 348, in __getitem__
    return self.datasets[dataset_idx][sample_idx]
           ~~~~~~~~~~~~~~~~~~~~~~~~~~^^^^^^^^^^^^
  File "/home/kemove/anaconda3/envs/test/lib/python3.11/site-packages/torch/utils/data/dataset.py", line 348, in __getitem__
    return self.datasets[dataset_idx][sample_idx]
           ~~~~~~~~~~~~~~~~~~~~~~~~~~^^^^^^^^^^^^
  [Previous line repeated 5 more times]
  File "/home/kemove/anaconda3/envs/test/lib/python3.11/site-packages/torch/utils/data/dataset.py", line 411, in __getitem__
    return self.dataset[self.indices[idx]]
           ~~~~~~~~~~~~^^^^^^^^^^^^^^^^^^^
  File "/home/kemove/anaconda3/envs/test/lib/python3.11/site-packages/torch/utils/data/dataset.py", line 411, in __getitem__
    return self.dataset[self.indices[idx]]
           ~~~~~~~~~~~~^^^^^^^^^^^^^^^^^^^
  File "/home/kemove/anaconda3/envs/test/lib/python3.11/site-packages/torch/utils/data/dataset.py", line 411, in __getitem__
    return self.dataset[self.indices[idx]]
           ~~~~~~~~~~~~^^^^^^^^^^^^^^^^^^^
  [Previous line repeated 15 more times]
  File "/home/kemove/lt/FedAlgorithm/alg/Clients.py", line 37, in __getitem__
    data = self.trans(self.local_data[index])
           ^^^^^^^^^^^^^^^^^^^^^^^^^^^^^^^^^^
  File "/home/kemove/anaconda3/envs/test/lib/python3.11/site-packages/torchvision/transforms/transforms.py", line 95, in __call__
    img = t(img)
          ^^^^^^
  File "/home/kemove/anaconda3/envs/test/lib/python3.11/site-packages/torchvision/transforms/transforms.py", line 234, in __call__
    return F.to_pil_image(pic, self.mode)
           ^^^^^^^^^^^^^^^^^^^^^^^^^^^^^^
  File "/home/kemove/anaconda3/envs/test/lib/python3.11/site-packages/torchvision/transforms/functional.py", line 324, in to_pil_image
    return Image.fromarray(npimg, mode=mode)
           ^^^^^^^^^^^^^^^^^^^^^^^^^^^^^^^^^
  File "/home/kemove/anaconda3/envs/test/lib/python3.11/site-packages/PIL/Image.py", line 3154, in fromarray
    return frombuffer(mode, size, obj, "raw", rawmode, 0, 1)
           ^^^^^^^^^^^^^^^^^^^^^^^^^^^^^^^^^^^^^^^^^^^^^^^^^
  File "/home/kemove/anaconda3/envs/test/lib/python3.11/site-packages/PIL/Image.py", line 3069, in frombuffer
    return frombytes(mode, size, data, decoder_name, args)
           ^^^^^^^^^^^^^^^^^^^^^^^^^^^^^^^^^^^^^^^^^^^^^^^
  File "/home/kemove/anaconda3/envs/test/lib/python3.11/site-packages/PIL/Image.py", line 2977, in frombytes
    def frombytes(mode, size, data, decoder_name="raw", *args) -> Image:
    
KeyboardInterrupt
