Running FedStream with: Dir=1.0, Init_Class=10, Epoch=20
Using downloaded and verified file: ../data/train_32x32.mat
Using downloaded and verified file: ../data/test_32x32.mat
has read
Using downloaded and verified file: ../data/train_32x32.mat
Using downloaded and verified file: ../data/test_32x32.mat
  0%|          | 0/100 [00:00<?, ?it/s]  1%|          | 1/100 [00:51<1:24:45, 51.37s/it]  2%|▏         | 2/100 [01:44<1:25:37, 52.42s/it]  3%|▎         | 3/100 [02:49<1:33:53, 58.08s/it]  4%|▍         | 4/100 [04:05<1:44:17, 65.19s/it]  5%|▌         | 5/100 [05:27<1:52:53, 71.30s/it]  6%|▌         | 6/100 [07:00<2:03:15, 78.68s/it]  7%|▋         | 7/100 [08:27<2:06:16, 81.47s/it]  8%|▊         | 8/100 [09:55<2:08:04, 83.52s/it]  9%|▉         | 9/100 [11:24<2:09:18, 85.25s/it] 10%|█         | 10/100 [12:54<2:09:51, 86.58s/it] 11%|█         | 11/100 [14:32<2:13:49, 90.21s/it] 12%|█▏        | 12/100 [16:02<2:12:03, 90.04s/it] 13%|█▎        | 13/100 [17:32<2:10:41, 90.13s/it] 14%|█▍        | 14/100 [19:01<2:08:33, 89.69s/it] 15%|█▌        | 15/100 [20:31<2:07:20, 89.89s/it] 16%|█▌        | 16/100 [22:12<2:10:14, 93.03s/it] 17%|█▋        | 17/100 [23:44<2:08:17, 92.74s/it] 18%|█▊        | 18/100 [25:16<2:06:22, 92.47s/it] 18%|█▊        | 18/100 [25:16<1:55:07, 84.23s/it]
10 77 [7 4 8 2 0 1 5 6 9 3]
10 70 [0 5 2 3 1 7 4 6 8 9]
10 75 [0 6 8 5 4 7 1 2 9 3]
10 76 [5 0 2 8 4 6 7 3 9 1]
10 77 [8 7 2 9 6 4 5 0 1 3]
round time = 43.0078547000885
10 55 [7 4 8 2 0 1 5 6 9 3]
10 56 [0 5 2 3 1 7 4 6 8 9]
10 56 [0 6 8 5 4 7 1 2 9 3]
10 55 [5 0 2 8 4 6 7 3 9 1]
10 55 [8 7 2 9 6 4 5 0 1 3]
round time = 53.15315818786621
10 66 [7 4 8 2 0 1 5 6 9 3]
10 66 [0 5 2 3 1 7 4 6 8 9]
10 66 [0 6 8 5 4 7 1 2 9 3]
10 66 [5 0 2 8 4 6 7 3 9 1]
10 66 [8 7 2 9 6 4 5 0 1 3]
round time = 64.81554651260376
10 73 [7 4 8 2 0 1 5 6 9 3]
10 72 [0 5 2 3 1 7 4 6 8 9]
10 72 [0 6 8 5 4 7 1 2 9 3]
10 72 [5 0 2 8 4 6 7 3 9 1]
10 73 [8 7 2 9 6 4 5 0 1 3]
round time = 76.07587122917175
10 75 [7 4 8 2 0 1 5 6 9 3]
10 75 [0 5 2 3 1 7 4 6 8 9]
10 75 [0 6 8 5 4 7 1 2 9 3]
10 75 [5 0 2 8 4 6 7 3 9 1]
10 75 [8 7 2 9 6 4 5 0 1 3]
round time = 82.14366483688354
10 76 [7 4 8 2 0 1 5 6 9 3]
10 77 [0 5 2 3 1 7 4 6 8 9]
10 77 [0 6 8 5 4 7 1 2 9 3]
10 77 [5 0 2 8 4 6 7 3 9 1]
10 76 [8 7 2 9 6 4 5 0 1 3]
round time = 84.26963877677917
10 77 [7 4 8 2 0 1 5 6 9 3]
10 77 [0 5 2 3 1 7 4 6 8 9]
10 77 [0 6 8 5 4 7 1 2 9 3]
10 77 [5 0 2 8 4 6 7 3 9 1]
10 77 [8 7 2 9 6 4 5 0 1 3]
round time = 87.21427083015442
10 77 [7 4 8 2 0 1 5 6 9 3]
10 77 [0 5 2 3 1 7 4 6 8 9]
10 77 [0 6 8 5 4 7 1 2 9 3]
10 77 [5 0 2 8 4 6 7 3 9 1]
10 77 [8 7 2 9 6 4 5 0 1 3]
round time = 87.92439937591553
10 77 [7 4 8 2 0 1 5 6 9 3]
10 77 [0 5 2 3 1 7 4 6 8 9]
10 77 [0 6 8 5 4 7 1 2 9 3]
10 77 [5 0 2 8 4 6 7 3 9 1]
10 77 [8 7 2 9 6 4 5 0 1 3]
round time = 89.06014847755432
10 77 [7 4 8 2 0 1 5 6 9 3]
10 77 [0 5 2 3 1 7 4 6 8 9]
10 77 [0 6 8 5 4 7 1 2 9 3]
10 77 [5 0 2 8 4 6 7 3 9 1]
10 77 [8 7 2 9 6 4 5 0 1 3]
round time = 89.54033470153809
10 77 [7 4 8 2 0 1 5 6 9 3]
10 77 [0 5 2 3 1 7 4 6 8 9]
10 77 [0 6 8 5 4 7 1 2 9 3]
10 77 [5 0 2 8 4 6 7 3 9 1]
10 77 [8 7 2 9 6 4 5 0 1 3]
round time = 89.99384021759033
10 77 [7 4 8 2 0 1 5 6 9 3]
10 77 [0 5 2 3 1 7 4 6 8 9]
10 77 [0 6 8 5 4 7 1 2 9 3]
10 77 [5 0 2 8 4 6 7 3 9 1]
10 77 [8 7 2 9 6 4 5 0 1 3]
round time = 89.6475567817688
10 77 [7 4 8 2 0 1 5 6 9 3]
10 77 [0 5 2 3 1 7 4 6 8 9]
10 77 [0 6 8 5 4 7 1 2 9 3]
10 77 [5 0 2 8 4 6 7 3 9 1]
10 77 [8 7 2 9 6 4 5 0 1 3]
round time = 90.32683944702148
10 77 [7 4 8 2 0 1 5 6 9 3]
10 77 [0 5 2 3 1 7 4 6 8 9]
10 77 [0 6 8 5 4 7 1 2 9 3]
10 77 [5 0 2 8 4 6 7 3 9 1]
10 77 [8 7 2 9 6 4 5 0 1 3]
round time = 88.68414950370789
10 77 [7 4 8 2 0 1 5 6 9 3]
10 77 [0 5 2 3 1 7 4 6 8 9]
10 77 [0 6 8 5 4 7 1 2 9 3]
10 77 [5 0 2 8 4 6 7 3 9 1]
10 77 [8 7 2 9 6 4 5 0 1 3]
round time = 90.33556604385376
10 77 [7 4 8 2 0 1 5 6 9 3]
10 77 [0 5 2 3 1 7 4 6 8 9]
10 77 [0 6 8 5 4 7 1 2 9 3]
10 77 [5 0 2 8 4 6 7 3 9 1]
10 77 [8 7 2 9 6 4 5 0 1 3]
round time = 91.61808252334595
10 77 [7 4 8 2 0 1 5 6 9 3]
10 77 [0 5 2 3 1 7 4 6 8 9]
10 77 [0 6 8 5 4 7 1 2 9 3]
10 77 [5 0 2 8 4 6 7 3 9 1]
10 77 [8 7 2 9 6 4 5 0 1 3]
round time = 92.06221556663513
10 77 [7 4 8 2 0 1 5 6 9 3]
10 77 [0 5 2 3 1 7 4 6 8 9]
10 77 [0 6 8 5 4 7 1 2 9 3]
10 77 [5 0 2 8 4 6 7 3 9 1]
10 77 [8 7 2 9 6 4 5 0 1 3]
round time = 91.85928702354431
10 77 [7 4 8 2 0 1 5 6 9 3]
Traceback (most recent call last):
  File "/home/kemove/lt/FedAlgorithm/alg/FedStream.py", line 775, in <module>
    alg.online_train()
  File "/home/kemove/lt/FedAlgorithm/alg/FedStream.py", line 738, in online_train
    global_loss_list, accuracy_list = self.alg.run(
                                      ^^^^^^^^^^^^^
  File "/home/kemove/lt/FedAlgorithm/alg/FedAvg.py", line 105, in run
    result = self.client_group.clients[k].local_update_avg(
             ^^^^^^^^^^^^^^^^^^^^^^^^^^^^^^^^^^^^^^^^^^^^^^
  File "/home/kemove/lt/FedAlgorithm/alg/Clients.py", line 200, in local_update_avg
    )
     
  File "/home/kemove/anaconda3/envs/test/lib/python3.11/site-packages/torch/utils/data/dataloader.py", line 631, in __next__
    data = self._next_data()
           ^^^^^^^^^^^^^^^^^
  File "/home/kemove/anaconda3/envs/test/lib/python3.11/site-packages/torch/utils/data/dataloader.py", line 675, in _next_data
    data = self._dataset_fetcher.fetch(index)  # may raise StopIteration
           ^^^^^^^^^^^^^^^^^^^^^^^^^^^^^^^^^^
  File "/home/kemove/anaconda3/envs/test/lib/python3.11/site-packages/torch/utils/data/_utils/fetch.py", line 51, in fetch
    data = [self.dataset[idx] for idx in possibly_batched_index]
           ^^^^^^^^^^^^^^^^^^^^^^^^^^^^^^^^^^^^^^^^^^^^^^^^^^^^^
  File "/home/kemove/anaconda3/envs/test/lib/python3.11/site-packages/torch/utils/data/_utils/fetch.py", line 51, in <listcomp>
    data = [self.dataset[idx] for idx in possibly_batched_index]
            ~~~~~~~~~~~~^^^^^
  File "/home/kemove/anaconda3/envs/test/lib/python3.11/site-packages/torch/utils/data/dataset.py", line 348, in __getitem__
    return self.datasets[dataset_idx][sample_idx]
           ~~~~~~~~~~~~~~~~~~~~~~~~~~^^^^^^^^^^^^
  File "/home/kemove/anaconda3/envs/test/lib/python3.11/site-packages/torch/utils/data/dataset.py", line 348, in __getitem__
    return self.datasets[dataset_idx][sample_idx]
           ~~~~~~~~~~~~~~~~~~~~~~~~~~^^^^^^^^^^^^
  File "/home/kemove/anaconda3/envs/test/lib/python3.11/site-packages/torch/utils/data/dataset.py", line 411, in __getitem__
    return self.dataset[self.indices[idx]]
           ~~~~~~~~~~~~^^^^^^^^^^^^^^^^^^^
  File "/home/kemove/anaconda3/envs/test/lib/python3.11/site-packages/torch/utils/data/dataset.py", line 411, in __getitem__
    return self.dataset[self.indices[idx]]
           ~~~~~~~~~~~~^^^^^^^^^^^^^^^^^^^
  File "/home/kemove/anaconda3/envs/test/lib/python3.11/site-packages/torch/utils/data/dataset.py", line 411, in __getitem__
    return self.dataset[self.indices[idx]]
           ~~~~~~~~~~~~^^^^^^^^^^^^^^^^^^^
  [Previous line repeated 16 more times]
  File "/home/kemove/lt/FedAlgorithm/alg/Clients.py", line 37, in __getitem__
    data = self.trans(self.local_data[index])
           ^^^^^^^^^^^^^^^^^^^^^^^^^^^^^^^^^^
  File "/home/kemove/anaconda3/envs/test/lib/python3.11/site-packages/torchvision/transforms/transforms.py", line 95, in __call__
    img = t(img)
          ^^^^^^
  File "/home/kemove/anaconda3/envs/test/lib/python3.11/site-packages/torch/nn/modules/module.py", line 1532, in _wrapped_call_impl
    return self._call_impl(*args, **kwargs)
           ^^^^^^^^^^^^^^^^^^^^^^^^^^^^^^^^
  File "/home/kemove/anaconda3/envs/test/lib/python3.11/site-packages/torch/nn/modules/module.py", line 1541, in _call_impl
    return forward_call(*args, **kwargs)
           ^^^^^^^^^^^^^^^^^^^^^^^^^^^^^
KeyboardInterrupt
