Running FedStream with: Dir=1.0, Init_Class=10, Epoch=20
Using downloaded and verified file: ../data/train_32x32.mat
Using downloaded and verified file: ../data/test_32x32.mat
has read
Using downloaded and verified file: ../data/train_32x32.mat
Using downloaded and verified file: ../data/test_32x32.mat
  0%|          | 0/100 [00:00<?, ?it/s]  1%|          | 1/100 [00:56<1:33:44, 56.81s/it]  2%|▏         | 2/100 [01:55<1:34:21, 57.77s/it]  3%|▎         | 3/100 [03:03<1:41:00, 62.48s/it]  4%|▍         | 4/100 [04:23<1:51:08, 69.47s/it]  5%|▌         | 5/100 [05:49<1:59:28, 75.45s/it]  6%|▌         | 6/100 [07:28<2:10:49, 83.51s/it]  7%|▋         | 7/100 [09:02<2:14:30, 86.78s/it]  8%|▊         | 8/100 [10:36<2:16:55, 89.30s/it]  9%|▉         | 9/100 [12:11<2:18:02, 91.02s/it] 10%|█         | 10/100 [13:47<2:18:48, 92.54s/it] 11%|█         | 11/100 [15:34<2:23:38, 96.83s/it] 12%|█▏        | 12/100 [17:11<2:22:18, 97.02s/it] 13%|█▎        | 13/100 [18:49<2:21:07, 97.33s/it] 14%|█▍        | 14/100 [20:26<2:19:15, 97.15s/it] 15%|█▌        | 15/100 [22:03<2:17:33, 97.10s/it] 15%|█▌        | 15/100 [22:29<2:07:29, 90.00s/it]
10 77 [7 4 8 2 0 1 5 6 9 3]
10 70 [0 5 2 3 1 7 4 6 8 9]
10 75 [0 6 8 5 4 7 1 2 9 3]
10 76 [5 0 2 8 4 6 7 3 9 1]
10 77 [8 7 2 9 6 4 5 0 1 3]
10 55 [7 4 8 2 0 1 5 6 9 3]
10 56 [0 5 2 3 1 7 4 6 8 9]
10 56 [0 6 8 5 4 7 1 2 9 3]
10 55 [5 0 2 8 4 6 7 3 9 1]
10 55 [8 7 2 9 6 4 5 0 1 3]
10 66 [7 4 8 2 0 1 5 6 9 3]
10 66 [0 5 2 3 1 7 4 6 8 9]
10 66 [0 6 8 5 4 7 1 2 9 3]
10 66 [5 0 2 8 4 6 7 3 9 1]
10 66 [8 7 2 9 6 4 5 0 1 3]
10 73 [7 4 8 2 0 1 5 6 9 3]
10 72 [0 5 2 3 1 7 4 6 8 9]
10 72 [0 6 8 5 4 7 1 2 9 3]
10 72 [5 0 2 8 4 6 7 3 9 1]
10 73 [8 7 2 9 6 4 5 0 1 3]
10 75 [7 4 8 2 0 1 5 6 9 3]
10 75 [0 5 2 3 1 7 4 6 8 9]
10 75 [0 6 8 5 4 7 1 2 9 3]
10 75 [5 0 2 8 4 6 7 3 9 1]
10 75 [8 7 2 9 6 4 5 0 1 3]
10 76 [7 4 8 2 0 1 5 6 9 3]
10 77 [0 5 2 3 1 7 4 6 8 9]
10 77 [0 6 8 5 4 7 1 2 9 3]
10 77 [5 0 2 8 4 6 7 3 9 1]
10 76 [8 7 2 9 6 4 5 0 1 3]
10 77 [7 4 8 2 0 1 5 6 9 3]
10 77 [0 5 2 3 1 7 4 6 8 9]
10 77 [0 6 8 5 4 7 1 2 9 3]
10 77 [5 0 2 8 4 6 7 3 9 1]
10 77 [8 7 2 9 6 4 5 0 1 3]
10 77 [7 4 8 2 0 1 5 6 9 3]
10 77 [0 5 2 3 1 7 4 6 8 9]
10 77 [0 6 8 5 4 7 1 2 9 3]
10 77 [5 0 2 8 4 6 7 3 9 1]
10 77 [8 7 2 9 6 4 5 0 1 3]
10 77 [7 4 8 2 0 1 5 6 9 3]
10 77 [0 5 2 3 1 7 4 6 8 9]
10 77 [0 6 8 5 4 7 1 2 9 3]
10 77 [5 0 2 8 4 6 7 3 9 1]
10 77 [8 7 2 9 6 4 5 0 1 3]
10 77 [7 4 8 2 0 1 5 6 9 3]
10 77 [0 5 2 3 1 7 4 6 8 9]
10 77 [0 6 8 5 4 7 1 2 9 3]
10 77 [5 0 2 8 4 6 7 3 9 1]
10 77 [8 7 2 9 6 4 5 0 1 3]
10 77 [7 4 8 2 0 1 5 6 9 3]
10 77 [0 5 2 3 1 7 4 6 8 9]
10 77 [0 6 8 5 4 7 1 2 9 3]
10 77 [5 0 2 8 4 6 7 3 9 1]
10 77 [8 7 2 9 6 4 5 0 1 3]
10 77 [7 4 8 2 0 1 5 6 9 3]
10 77 [0 5 2 3 1 7 4 6 8 9]
10 77 [0 6 8 5 4 7 1 2 9 3]
10 77 [5 0 2 8 4 6 7 3 9 1]
10 77 [8 7 2 9 6 4 5 0 1 3]
10 77 [7 4 8 2 0 1 5 6 9 3]
10 77 [0 5 2 3 1 7 4 6 8 9]
10 77 [0 6 8 5 4 7 1 2 9 3]
10 77 [5 0 2 8 4 6 7 3 9 1]
10 77 [8 7 2 9 6 4 5 0 1 3]
10 77 [7 4 8 2 0 1 5 6 9 3]
10 77 [0 5 2 3 1 7 4 6 8 9]
10 77 [0 6 8 5 4 7 1 2 9 3]
10 77 [5 0 2 8 4 6 7 3 9 1]
10 77 [8 7 2 9 6 4 5 0 1 3]
10 77 [7 4 8 2 0 1 5 6 9 3]
10 77 [0 5 2 3 1 7 4 6 8 9]
10 77 [0 6 8 5 4 7 1 2 9 3]
10 77 [5 0 2 8 4 6 7 3 9 1]
10 77 [8 7 2 9 6 4 5 0 1 3]
10 77 [7 4 8 2 0 1 5 6 9 3]
10 77 [0 5 2 3 1 7 4 6 8 9]
Traceback (most recent call last):
  File "/home/kemove/lt/FedAlgorithm/alg/FedStream.py", line 775, in <module>
    alg.online_train()
  File "/home/kemove/lt/FedAlgorithm/alg/FedStream.py", line 738, in online_train
    global_loss_list, accuracy_list = self.alg.run(
                                      ^^^^^^^^^^^^^
  File "/home/kemove/lt/FedAlgorithm/alg/FedDyn.py", line 134, in run
    ].local_update_dyn(
      ^^^^^^^^^^^^^^^^^
  File "/home/kemove/lt/FedAlgorithm/alg/Clients.py", line 287, in local_update_dyn
    )
     
  File "/home/kemove/anaconda3/envs/test/lib/python3.11/site-packages/torch/utils/data/dataloader.py", line 631, in __next__
    data = self._next_data()
           ^^^^^^^^^^^^^^^^^
  File "/home/kemove/anaconda3/envs/test/lib/python3.11/site-packages/torch/utils/data/dataloader.py", line 675, in _next_data
    data = self._dataset_fetcher.fetch(index)  # may raise StopIteration
           ^^^^^^^^^^^^^^^^^^^^^^^^^^^^^^^^^^
  File "/home/kemove/anaconda3/envs/test/lib/python3.11/site-packages/torch/utils/data/_utils/fetch.py", line 51, in fetch
    data = [self.dataset[idx] for idx in possibly_batched_index]
           ^^^^^^^^^^^^^^^^^^^^^^^^^^^^^^^^^^^^^^^^^^^^^^^^^^^^^
  File "/home/kemove/anaconda3/envs/test/lib/python3.11/site-packages/torch/utils/data/_utils/fetch.py", line 51, in <listcomp>
    data = [self.dataset[idx] for idx in possibly_batched_index]
            ~~~~~~~~~~~~^^^^^
  File "/home/kemove/anaconda3/envs/test/lib/python3.11/site-packages/torch/utils/data/dataset.py", line 348, in __getitem__
    return self.datasets[dataset_idx][sample_idx]
           ~~~~~~~~~~~~~~~~~~~~~~~~~~^^^^^^^^^^^^
  File "/home/kemove/anaconda3/envs/test/lib/python3.11/site-packages/torch/utils/data/dataset.py", line 348, in __getitem__
    return self.datasets[dataset_idx][sample_idx]
           ~~~~~~~~~~~~~~~~~~~~~~~~~~^^^^^^^^^^^^
  File "/home/kemove/anaconda3/envs/test/lib/python3.11/site-packages/torch/utils/data/dataset.py", line 348, in __getitem__
    return self.datasets[dataset_idx][sample_idx]
           ~~~~~~~~~~~~~~~~~~~~~~~~~~^^^^^^^^^^^^
  [Previous line repeated 3 more times]
  File "/home/kemove/anaconda3/envs/test/lib/python3.11/site-packages/torch/utils/data/dataset.py", line 411, in __getitem__
    return self.dataset[self.indices[idx]]
           ~~~~~~~~~~~~^^^^^^^^^^^^^^^^^^^
  File "/home/kemove/anaconda3/envs/test/lib/python3.11/site-packages/torch/utils/data/dataset.py", line 411, in __getitem__
    return self.dataset[self.indices[idx]]
           ~~~~~~~~~~~~^^^^^^^^^^^^^^^^^^^
  File "/home/kemove/anaconda3/envs/test/lib/python3.11/site-packages/torch/utils/data/dataset.py", line 411, in __getitem__
    return self.dataset[self.indices[idx]]
           ~~~~~~~~~~~~^^^^^^^^^^^^^^^^^^^
  [Previous line repeated 13 more times]
  File "/home/kemove/lt/FedAlgorithm/alg/Clients.py", line 37, in __getitem__
    data = self.trans(self.local_data[index])
           ^^^^^^^^^^^^^^^^^^^^^^^^^^^^^^^^^^
  File "/home/kemove/anaconda3/envs/test/lib/python3.11/site-packages/torchvision/transforms/transforms.py", line 95, in __call__
    img = t(img)
          ^^^^^^
  File "/home/kemove/anaconda3/envs/test/lib/python3.11/site-packages/torchvision/transforms/transforms.py", line 137, in __call__
    return F.to_tensor(pic)
           ^^^^^^^^^^^^^^^^
  File "/home/kemove/anaconda3/envs/test/lib/python3.11/site-packages/torchvision/transforms/functional.py", line 168, in to_tensor
    img = torch.from_numpy(np.array(pic, mode_to_nptype.get(pic.mode, np.uint8), copy=True))
                           ^^^^^^^^^^^^^^^^^^^^^^^^^^^^^^^^^^^^^^^^^^^^^^^^^^^^^^^^^^^^^^^^
KeyboardInterrupt
