Running FedStream with: Dir=0.5, Init_Class=10, Epoch=20
Using downloaded and verified file: ../data/train_32x32.mat
Using downloaded and verified file: ../data/test_32x32.mat
has read
Using downloaded and verified file: ../data/train_32x32.mat
Using downloaded and verified file: ../data/test_32x32.mat
  0%|          | 0/100 [00:00<?, ?it/s]  1%|          | 1/100 [00:59<1:38:00, 59.40s/it]  2%|▏         | 2/100 [02:01<1:39:27, 60.89s/it]  3%|▎         | 3/100 [03:17<1:49:24, 67.67s/it]  4%|▍         | 4/100 [04:46<2:01:46, 76.11s/it]  5%|▌         | 5/100 [06:18<2:09:58, 82.09s/it]  6%|▌         | 6/100 [08:05<2:21:36, 90.39s/it]  7%|▋         | 7/100 [09:48<2:26:49, 94.72s/it]  8%|▊         | 8/100 [11:34<2:30:34, 98.20s/it]  9%|▉         | 9/100 [13:16<2:30:50, 99.45s/it] 10%|█         | 10/100 [15:04<2:32:51, 101.91s/it] 11%|█         | 11/100 [17:01<2:37:55, 106.47s/it] 12%|█▏        | 12/100 [18:55<2:39:45, 108.93s/it] 13%|█▎        | 13/100 [20:45<2:38:30, 109.32s/it] 14%|█▍        | 14/100 [22:30<2:34:38, 107.89s/it] 15%|█▌        | 15/100 [24:14<2:31:22, 106.85s/it] 15%|█▌        | 15/100 [25:12<2:22:51, 100.84s/it]
5 154 [7 4 8 2 0]
5 140 [0 5 2 3 1]
5 150 [0 6 8 5 4]
5 152 [5 0 2 8 4]
5 154 [8 7 2 9 6]
5 111 [7 4 8 2 0]
5 112 [0 5 2 3 1]
5 112 [0 6 8 5 4]
5 111 [5 0 2 8 4]
5 111 [8 7 2 9 6]
5 133 [7 4 8 2 0]
5 132 [0 5 2 3 1]
5 132 [0 6 8 5 4]
5 133 [5 0 2 8 4]
5 133 [8 7 2 9 6]
5 145 [7 4 8 2 0]
5 145 [0 5 2 3 1]
5 145 [0 6 8 5 4]
5 145 [5 0 2 8 4]
5 145 [8 7 2 9 6]
5 150 [7 4 8 2 0]
5 151 [0 5 2 3 1]
5 151 [0 6 8 5 4]
5 151 [5 0 2 8 4]
5 150 [8 7 2 9 6]
5 153 [7 4 8 2 0]
5 153 [0 5 2 3 1]
5 153 [0 6 8 5 4]
5 153 [5 0 2 8 4]
5 153 [8 7 2 9 6]
5 154 [7 4 8 2 0]
5 154 [0 5 2 3 1]
5 154 [0 6 8 5 4]
5 154 [5 0 2 8 4]
5 154 [8 7 2 9 6]
5 155 [7 4 8 2 0]
5 154 [0 5 2 3 1]
5 154 [0 6 8 5 4]
5 154 [5 0 2 8 4]
5 155 [8 7 2 9 6]
5 154 [7 4 8 2 0]
5 155 [0 5 2 3 1]
5 155 [0 6 8 5 4]
5 155 [5 0 2 8 4]
5 154 [8 7 2 9 6]
5 155 [7 4 8 2 0]
5 154 [0 5 2 3 1]
5 154 [0 6 8 5 4]
5 154 [5 0 2 8 4]
5 155 [8 7 2 9 6]
5 154 [7 4 8 2 0]
5 155 [0 5 2 3 1]
5 155 [0 6 8 5 4]
5 155 [5 0 2 8 4]
5 154 [8 7 2 9 6]
5 155 [7 4 8 2 0]
5 155 [0 5 2 3 1]
5 155 [0 6 8 5 4]
5 155 [5 0 2 8 4]
5 155 [8 7 2 9 6]
5 155 [7 4 8 2 0]
5 154 [0 5 2 3 1]
5 154 [0 6 8 5 4]
5 154 [5 0 2 8 4]
5 155 [8 7 2 9 6]
5 154 [7 4 8 2 0]
5 155 [0 5 2 3 1]
5 155 [0 6 8 5 4]
5 155 [5 0 2 8 4]
5 154 [8 7 2 9 6]
5 155 [7 4 8 2 0]
5 154 [0 5 2 3 1]
5 154 [0 6 8 5 4]
5 154 [5 0 2 8 4]
5 155 [8 7 2 9 6]
5 154 [7 4 8 2 0]
5 155 [0 5 2 3 1]
5 155 [0 6 8 5 4]
Traceback (most recent call last):
  File "/home/kemove/lt/FedAlgorithm/alg/FedStream.py", line 775, in <module>
    alg.online_train()
  File "/home/kemove/lt/FedAlgorithm/alg/FedStream.py", line 738, in online_train
    global_loss_list, accuracy_list = self.alg.run(
                                      ^^^^^^^^^^^^^
  File "/home/kemove/lt/FedAlgorithm/alg/FedProx.py", line 113, in run
    result = self.client_group.clients[k].local_update_prox(
             ^^^^^^^^^^^^^^^^^^^^^^^^^^^^^^^^^^^^^^^^^^^^^^^
  File "/home/kemove/lt/FedAlgorithm/alg/Clients.py", line 236, in local_update_prox
    )
     
  File "/home/kemove/anaconda3/envs/test/lib/python3.11/site-packages/torch/utils/data/dataloader.py", line 631, in __next__
    data = self._next_data()
           ^^^^^^^^^^^^^^^^^
  File "/home/kemove/anaconda3/envs/test/lib/python3.11/site-packages/torch/utils/data/dataloader.py", line 675, in _next_data
    data = self._dataset_fetcher.fetch(index)  # may raise StopIteration
           ^^^^^^^^^^^^^^^^^^^^^^^^^^^^^^^^^^
  File "/home/kemove/anaconda3/envs/test/lib/python3.11/site-packages/torch/utils/data/_utils/fetch.py", line 51, in fetch
    data = [self.dataset[idx] for idx in possibly_batched_index]
           ^^^^^^^^^^^^^^^^^^^^^^^^^^^^^^^^^^^^^^^^^^^^^^^^^^^^^
  File "/home/kemove/anaconda3/envs/test/lib/python3.11/site-packages/torch/utils/data/_utils/fetch.py", line 51, in <listcomp>
    data = [self.dataset[idx] for idx in possibly_batched_index]
            ~~~~~~~~~~~~^^^^^
  File "/home/kemove/anaconda3/envs/test/lib/python3.11/site-packages/torch/utils/data/dataset.py", line 348, in __getitem__
    return self.datasets[dataset_idx][sample_idx]
           ~~~~~~~~~~~~~~~~~~~~~~~~~~^^^^^^^^^^^^
  File "/home/kemove/anaconda3/envs/test/lib/python3.11/site-packages/torch/utils/data/dataset.py", line 348, in __getitem__
    return self.datasets[dataset_idx][sample_idx]
           ~~~~~~~~~~~~~~~~~~~~~~~~~~^^^^^^^^^^^^
  File "/home/kemove/anaconda3/envs/test/lib/python3.11/site-packages/torch/utils/data/dataset.py", line 348, in __getitem__
    return self.datasets[dataset_idx][sample_idx]
           ~~~~~~~~~~~~~~~~~~~~~~~~~~^^^^^^^^^^^^
  [Previous line repeated 2 more times]
  File "/home/kemove/anaconda3/envs/test/lib/python3.11/site-packages/torch/utils/data/dataset.py", line 411, in __getitem__
    return self.dataset[self.indices[idx]]
           ~~~~~~~~~~~~^^^^^^^^^^^^^^^^^^^
  File "/home/kemove/anaconda3/envs/test/lib/python3.11/site-packages/torch/utils/data/dataset.py", line 348, in __getitem__
    return self.datasets[dataset_idx][sample_idx]
           ~~~~~~~~~~~~~~~~~~~~~~~~~~^^^^^^^^^^^^
  File "/home/kemove/anaconda3/envs/test/lib/python3.11/site-packages/torch/utils/data/dataset.py", line 348, in __getitem__
    return self.datasets[dataset_idx][sample_idx]
           ~~~~~~~~~~~~~~~~~~~~~~~~~~^^^^^^^^^^^^
  File "/home/kemove/anaconda3/envs/test/lib/python3.11/site-packages/torch/utils/data/dataset.py", line 348, in __getitem__
    return self.datasets[dataset_idx][sample_idx]
           ~~~~~~~~~~~~~~~~~~~~~~~~~~^^^^^^^^^^^^
  [Previous line repeated 2 more times]
  File "/home/kemove/anaconda3/envs/test/lib/python3.11/site-packages/torch/utils/data/dataset.py", line 411, in __getitem__
    return self.dataset[self.indices[idx]]
           ~~~~~~~~~~~~^^^^^^^^^^^^^^^^^^^
  File "/home/kemove/anaconda3/envs/test/lib/python3.11/site-packages/torch/utils/data/dataset.py", line 411, in __getitem__
    return self.dataset[self.indices[idx]]
           ~~~~~~~~~~~~^^^^^^^^^^^^^^^^^^^
  File "/home/kemove/anaconda3/envs/test/lib/python3.11/site-packages/torch/utils/data/dataset.py", line 411, in __getitem__
    return self.dataset[self.indices[idx]]
           ~~~~~~~~~~~~^^^^^^^^^^^^^^^^^^^
  [Previous line repeated 12 more times]
  File "/home/kemove/lt/FedAlgorithm/alg/Clients.py", line 37, in __getitem__
    data = self.trans(self.local_data[index])
           ^^^^^^^^^^^^^^^^^^^^^^^^^^^^^^^^^^
  File "/home/kemove/anaconda3/envs/test/lib/python3.11/site-packages/torchvision/transforms/transforms.py", line 95, in __call__
    img = t(img)
          ^^^^^^
  File "/home/kemove/anaconda3/envs/test/lib/python3.11/site-packages/torchvision/transforms/transforms.py", line 234, in __call__
    return F.to_pil_image(pic, self.mode)
           ^^^^^^^^^^^^^^^^^^^^^^^^^^^^^^
  File "/home/kemove/anaconda3/envs/test/lib/python3.11/site-packages/torchvision/transforms/functional.py", line 281, in to_pil_image
    if np.issubdtype(npimg.dtype, np.floating) and mode != "F":
       ^^^^^^^^^^^^^^^^^^^^^^^^^^^^^^^^^^^^^^^
  File "/home/kemove/anaconda3/envs/test/lib/python3.11/site-packages/numpy/core/numerictypes.py", line 357, in issubdtype
    @set_module('numpy')
    
KeyboardInterrupt
