Running FedStream with: Dir=1.0, Init_Class=10, Epoch=20
Using downloaded and verified file: ../data/train_32x32.mat
Using downloaded and verified file: ../data/test_32x32.mat
has read
Using downloaded and verified file: ../data/train_32x32.mat
Using downloaded and verified file: ../data/test_32x32.mat
  0%|          | 0/100 [00:00<?, ?it/s]  1%|          | 1/100 [00:54<1:30:14, 54.70s/it]  2%|▏         | 2/100 [01:56<1:35:59, 58.78s/it]  3%|▎         | 3/100 [03:11<1:47:16, 66.35s/it]  4%|▍         | 4/100 [04:41<2:00:55, 75.58s/it]  5%|▌         | 5/100 [06:14<2:09:40, 81.90s/it]  6%|▌         | 6/100 [08:03<2:22:57, 91.25s/it]  7%|▋         | 7/100 [09:46<2:26:56, 94.80s/it]  8%|▊         | 8/100 [11:21<2:25:44, 95.05s/it]  9%|▉         | 9/100 [13:04<2:27:55, 97.54s/it] 10%|█         | 10/100 [14:47<2:28:52, 99.25s/it] 11%|█         | 11/100 [16:42<2:34:14, 103.98s/it] 12%|█▏        | 12/100 [18:26<2:32:44, 104.14s/it] 13%|█▎        | 13/100 [20:12<2:31:50, 104.72s/it] 14%|█▍        | 14/100 [21:59<2:30:53, 105.27s/it] 15%|█▌        | 15/100 [23:45<2:29:23, 105.46s/it] 15%|█▌        | 15/100 [25:00<2:21:42, 100.03s/it]
10 77 [7 4 8 2 0 1 5 6 9 3]
10 70 [0 5 2 3 1 7 4 6 8 9]
10 75 [0 6 8 5 4 7 1 2 9 3]
10 76 [5 0 2 8 4 6 7 3 9 1]
10 77 [8 7 2 9 6 4 5 0 1 3]
10 55 [7 4 8 2 0 1 5 6 9 3]
10 56 [0 5 2 3 1 7 4 6 8 9]
10 56 [0 6 8 5 4 7 1 2 9 3]
10 55 [5 0 2 8 4 6 7 3 9 1]
10 55 [8 7 2 9 6 4 5 0 1 3]
10 66 [7 4 8 2 0 1 5 6 9 3]
10 66 [0 5 2 3 1 7 4 6 8 9]
10 66 [0 6 8 5 4 7 1 2 9 3]
10 66 [5 0 2 8 4 6 7 3 9 1]
10 66 [8 7 2 9 6 4 5 0 1 3]
10 73 [7 4 8 2 0 1 5 6 9 3]
10 72 [0 5 2 3 1 7 4 6 8 9]
10 72 [0 6 8 5 4 7 1 2 9 3]
10 72 [5 0 2 8 4 6 7 3 9 1]
10 73 [8 7 2 9 6 4 5 0 1 3]
10 75 [7 4 8 2 0 1 5 6 9 3]
10 75 [0 5 2 3 1 7 4 6 8 9]
10 75 [0 6 8 5 4 7 1 2 9 3]
10 75 [5 0 2 8 4 6 7 3 9 1]
10 75 [8 7 2 9 6 4 5 0 1 3]
10 76 [7 4 8 2 0 1 5 6 9 3]
10 77 [0 5 2 3 1 7 4 6 8 9]
10 77 [0 6 8 5 4 7 1 2 9 3]
10 77 [5 0 2 8 4 6 7 3 9 1]
10 76 [8 7 2 9 6 4 5 0 1 3]
10 77 [7 4 8 2 0 1 5 6 9 3]
10 77 [0 5 2 3 1 7 4 6 8 9]
10 77 [0 6 8 5 4 7 1 2 9 3]
10 77 [5 0 2 8 4 6 7 3 9 1]
10 77 [8 7 2 9 6 4 5 0 1 3]
10 77 [7 4 8 2 0 1 5 6 9 3]
10 77 [0 5 2 3 1 7 4 6 8 9]
10 77 [0 6 8 5 4 7 1 2 9 3]
10 77 [5 0 2 8 4 6 7 3 9 1]
10 77 [8 7 2 9 6 4 5 0 1 3]
10 77 [7 4 8 2 0 1 5 6 9 3]
10 77 [0 5 2 3 1 7 4 6 8 9]
10 77 [0 6 8 5 4 7 1 2 9 3]
10 77 [5 0 2 8 4 6 7 3 9 1]
10 77 [8 7 2 9 6 4 5 0 1 3]
10 77 [7 4 8 2 0 1 5 6 9 3]
10 77 [0 5 2 3 1 7 4 6 8 9]
10 77 [0 6 8 5 4 7 1 2 9 3]
10 77 [5 0 2 8 4 6 7 3 9 1]
10 77 [8 7 2 9 6 4 5 0 1 3]
10 77 [7 4 8 2 0 1 5 6 9 3]
10 77 [0 5 2 3 1 7 4 6 8 9]
10 77 [0 6 8 5 4 7 1 2 9 3]
10 77 [5 0 2 8 4 6 7 3 9 1]
10 77 [8 7 2 9 6 4 5 0 1 3]
10 77 [7 4 8 2 0 1 5 6 9 3]
10 77 [0 5 2 3 1 7 4 6 8 9]
10 77 [0 6 8 5 4 7 1 2 9 3]
10 77 [5 0 2 8 4 6 7 3 9 1]
10 77 [8 7 2 9 6 4 5 0 1 3]
10 77 [7 4 8 2 0 1 5 6 9 3]
10 77 [0 5 2 3 1 7 4 6 8 9]
10 77 [0 6 8 5 4 7 1 2 9 3]
10 77 [5 0 2 8 4 6 7 3 9 1]
10 77 [8 7 2 9 6 4 5 0 1 3]
10 77 [7 4 8 2 0 1 5 6 9 3]
10 77 [0 5 2 3 1 7 4 6 8 9]
10 77 [0 6 8 5 4 7 1 2 9 3]
10 77 [5 0 2 8 4 6 7 3 9 1]
10 77 [8 7 2 9 6 4 5 0 1 3]
10 77 [7 4 8 2 0 1 5 6 9 3]
10 77 [0 5 2 3 1 7 4 6 8 9]
10 77 [0 6 8 5 4 7 1 2 9 3]
10 77 [5 0 2 8 4 6 7 3 9 1]
10 77 [8 7 2 9 6 4 5 0 1 3]
10 77 [7 4 8 2 0 1 5 6 9 3]
10 77 [0 5 2 3 1 7 4 6 8 9]
10 77 [0 6 8 5 4 7 1 2 9 3]
10 77 [5 0 2 8 4 6 7 3 9 1]
Traceback (most recent call last):
  File "/home/kemove/lt/FedAlgorithm/alg/FedStream.py", line 775, in <module>
    alg.online_train()
  File "/home/kemove/lt/FedAlgorithm/alg/FedStream.py", line 738, in online_train
    global_loss_list, accuracy_list = self.alg.run(
                                      ^^^^^^^^^^^^^
  File "/home/kemove/lt/FedAlgorithm/alg/FedProx.py", line 113, in run
    result = self.client_group.clients[k].local_update_prox(
             ^^^^^^^^^^^^^^^^^^^^^^^^^^^^^^^^^^^^^^^^^^^^^^^
  File "/home/kemove/lt/FedAlgorithm/alg/Clients.py", line 236, in local_update_prox
    )
     
  File "/home/kemove/anaconda3/envs/test/lib/python3.11/site-packages/torch/utils/data/dataloader.py", line 631, in __next__
    data = self._next_data()
           ^^^^^^^^^^^^^^^^^
  File "/home/kemove/anaconda3/envs/test/lib/python3.11/site-packages/torch/utils/data/dataloader.py", line 675, in _next_data
    data = self._dataset_fetcher.fetch(index)  # may raise StopIteration
           ^^^^^^^^^^^^^^^^^^^^^^^^^^^^^^^^^^
  File "/home/kemove/anaconda3/envs/test/lib/python3.11/site-packages/torch/utils/data/_utils/fetch.py", line 51, in fetch
    data = [self.dataset[idx] for idx in possibly_batched_index]
           ^^^^^^^^^^^^^^^^^^^^^^^^^^^^^^^^^^^^^^^^^^^^^^^^^^^^^
  File "/home/kemove/anaconda3/envs/test/lib/python3.11/site-packages/torch/utils/data/_utils/fetch.py", line 51, in <listcomp>
    data = [self.dataset[idx] for idx in possibly_batched_index]
            ~~~~~~~~~~~~^^^^^
  File "/home/kemove/anaconda3/envs/test/lib/python3.11/site-packages/torch/utils/data/dataset.py", line 348, in __getitem__
    return self.datasets[dataset_idx][sample_idx]
           ~~~~~~~~~~~~~~~~~~~~~~~~~~^^^^^^^^^^^^
  File "/home/kemove/anaconda3/envs/test/lib/python3.11/site-packages/torch/utils/data/dataset.py", line 348, in __getitem__
    return self.datasets[dataset_idx][sample_idx]
           ~~~~~~~~~~~~~~~~~~~~~~~~~~^^^^^^^^^^^^
  File "/home/kemove/anaconda3/envs/test/lib/python3.11/site-packages/torch/utils/data/dataset.py", line 348, in __getitem__
    return self.datasets[dataset_idx][sample_idx]
           ~~~~~~~~~~~~~~~~~~~~~~~~~~^^^^^^^^^^^^
  [Previous line repeated 6 more times]
  File "/home/kemove/anaconda3/envs/test/lib/python3.11/site-packages/torch/utils/data/dataset.py", line 411, in __getitem__
    return self.dataset[self.indices[idx]]
           ~~~~~~~~~~~~^^^^^^^^^^^^^^^^^^^
  File "/home/kemove/anaconda3/envs/test/lib/python3.11/site-packages/torch/utils/data/dataset.py", line 411, in __getitem__
    return self.dataset[self.indices[idx]]
           ~~~~~~~~~~~~^^^^^^^^^^^^^^^^^^^
  File "/home/kemove/anaconda3/envs/test/lib/python3.11/site-packages/torch/utils/data/dataset.py", line 411, in __getitem__
    return self.dataset[self.indices[idx]]
           ~~~~~~~~~~~~^^^^^^^^^^^^^^^^^^^
  [Previous line repeated 13 more times]
  File "/home/kemove/lt/FedAlgorithm/alg/Clients.py", line 37, in __getitem__
    data = self.trans(self.local_data[index])
           ^^^^^^^^^^^^^^^^^^^^^^^^^^^^^^^^^^
  File "/home/kemove/anaconda3/envs/test/lib/python3.11/site-packages/torchvision/transforms/transforms.py", line 95, in __call__
    img = t(img)
          ^^^^^^
  File "/home/kemove/anaconda3/envs/test/lib/python3.11/site-packages/torch/nn/modules/module.py", line 1532, in _wrapped_call_impl
    return self._call_impl(*args, **kwargs)
           ^^^^^^^^^^^^^^^^^^^^^^^^^^^^^^^^
  File "/home/kemove/anaconda3/envs/test/lib/python3.11/site-packages/torch/nn/modules/module.py", line 1541, in _call_impl
    return forward_call(*args, **kwargs)
           ^^^^^^^^^^^^^^^^^^^^^^^^^^^^^
  File "/home/kemove/anaconda3/envs/test/lib/python3.11/site-packages/torchvision/transforms/transforms.py", line 277, in forward
    return F.normalize(tensor, self.mean, self.std, self.inplace)
           ^^^^^^^^^^^^^^^^^^^^^^^^^^^^^^^^^^^^^^^^^^^^^^^^^^^^^^
  File "/home/kemove/anaconda3/envs/test/lib/python3.11/site-packages/torchvision/transforms/functional.py", line 350, in normalize
    return F_t.normalize(tensor, mean=mean, std=std, inplace=inplace)
           ^^^^^^^^^^^^^^^^^^^^^^^^^^^^^^^^^^^^^^^^^^^^^^^^^^^^^^^^^^
  File "/home/kemove/anaconda3/envs/test/lib/python3.11/site-packages/torchvision/transforms/_functional_tensor.py", line 926, in normalize
    return tensor.sub_(mean).div_(std)
           ^^^^^^^^^^^^^^^^^
KeyboardInterrupt
