Running FedStream with: Dir=0.5, Init_Class=8, Epoch=20
Using downloaded and verified file: ../data/train_32x32.mat
Using downloaded and verified file: ../data/test_32x32.mat
Traceback (most recent call last):
  File "/home/kemove/lt/FedAlgorithm/alg/FedStream.py", line 759, in <module>
    alg = FedStream(args)
          ^^^^^^^^^^^^^^^
  File "/home/kemove/lt/FedAlgorithm/alg/FedStream.py", line 86, in __init__
    self.alg = FedAvg_Server(args)
               ^^^^^^^^^^^^^^^^^^^
  File "/home/kemove/lt/FedAlgorithm/alg/FedAvg.py", line 39, in __init__
    self.init_data_net()
  File "/home/kemove/lt/FedAlgorithm/alg/FedAvg.py", line 46, in init_data_net
    self.client_group = Client_Group(self.args)
                        ^^^^^^^^^^^^^^^^^^^^^^^
  File "/home/kemove/lt/FedAlgorithm/alg/Clients.py", line 372, in __init__
    self.dataset_allocation()
  File "/home/kemove/lt/FedAlgorithm/alg/Clients.py", line 716, in dataset_allocation
    client = Client(local_dataset_list, self.args)
             ^^^^^^^^^^^^^^^^^^^^^^^^^^^^^^^^^^^^^
  File "/home/kemove/lt/FedAlgorithm/alg/Clients.py", line 105, in __init__
    self.optim = torch.optim.adam(self.net.parameters(), lr=1e-3, weight_decay=1e-4)
                 ^^^^^^^^^^^^^^^^
AttributeError: module 'torch.optim' has no attribute 'adam'. Did you mean: 'Adam'?
